[0.902s] DEBUG:colcon:Command line arguments: ['/usr/bin/colcon', 'build', '--packages-select', 'origincar_competition']
[0.903s] DEBUG:colcon:Parsed command line arguments: Namespace(log_base=None, log_level=None, verb_name='build', build_base='build', install_base='install', merge_install=False, symlink_install=False, test_result_base=None, continue_on_error=False, executor='parallel', parallel_workers=8, event_handlers=None, ignore_user_meta=False, metas=['./colcon.meta'], base_paths=['.'], packages_ignore=None, packages_ignore_regex=None, paths=None, packages_up_to=None, packages_up_to_regex=None, packages_above=None, packages_above_and_dependencies=None, packages_above_depth=None, packages_select_by_dep=None, packages_skip_by_dep=None, packages_skip_up_to=None, packages_select_build_failed=False, packages_skip_build_finished=False, packages_select_test_failures=False, packages_skip_test_passed=False, packages_select=['origincar_competition'], packages_skip=None, packages_select_regex=None, packages_skip_regex=None, packages_start=None, packages_end=None, allow_overriding=[], cmake_args=None, cmake_target=None, cmake_target_skip_unavailable=False, cmake_clean_cache=False, cmake_clean_first=False, cmake_force_configure=False, ament_cmake_args=None, catkin_cmake_args=None, catkin_skip_building_tests=False, verb_parser=<colcon_defaults.argument_parser.defaults.DefaultArgumentsDecorator object at 0xffffac018d90>, verb_extension=<colcon_core.verb.build.BuildVerb object at 0xffffac018880>, main=<bound method BuildVerb.main of <colcon_core.verb.build.BuildVerb object at 0xffffac018880>>)
[1.292s] Level 1:colcon.colcon_core.package_discovery:discover_packages(colcon_meta) check parameters
[1.293s] Level 1:colcon.colcon_core.package_discovery:discover_packages(recursive) check parameters
[1.293s] Level 1:colcon.colcon_core.package_discovery:discover_packages(ignore) check parameters
[1.294s] Level 1:colcon.colcon_core.package_discovery:discover_packages(path) check parameters
[1.294s] Level 1:colcon.colcon_core.package_discovery:discover_packages(colcon_meta) discover
[1.294s] Level 1:colcon.colcon_core.package_discovery:discover_packages(recursive) discover
[1.294s] INFO:colcon.colcon_core.package_discovery:Crawling recursively for packages in '/userdata/dev_ws/src'
[1.295s] Level 1:colcon.colcon_core.package_identification:_identify(.) by extensions ['ignore', 'ignore_ament_install']
[1.296s] Level 1:colcon.colcon_core.package_identification:_identify(.) by extension 'ignore'
[1.296s] Level 1:colcon.colcon_core.package_identification:_identify(.) by extension 'ignore_ament_install'
[1.296s] Level 1:colcon.colcon_core.package_identification:_identify(.) by extensions ['colcon_pkg']
[1.296s] Level 1:colcon.colcon_core.package_identification:_identify(.) by extension 'colcon_pkg'
[1.297s] Level 1:colcon.colcon_core.package_identification:_identify(.) by extensions ['colcon_meta']
[1.297s] Level 1:colcon.colcon_core.package_identification:_identify(.) by extension 'colcon_meta'
[1.297s] Level 1:colcon.colcon_core.package_identification:_identify(.) by extensions ['ros']
[1.297s] Level 1:colcon.colcon_core.package_identification:_identify(.) by extension 'ros'
[1.412s] Level 1:colcon.colcon_core.package_identification:_identify(.) by extensions ['cmake', 'python']
[1.412s] Level 1:colcon.colcon_core.package_identification:_identify(.) by extension 'cmake'
[1.413s] Level 1:colcon.colcon_core.package_identification:_identify(.) by extension 'python'
[1.413s] Level 1:colcon.colcon_core.package_identification:_identify(.) by extensions ['python_setup_py']
[1.413s] Level 1:colcon.colcon_core.package_identification:_identify(.) by extension 'python_setup_py'
[1.415s] Level 1:colcon.colcon_core.package_identification:_identify(3rdparty) by extensions ['ignore', 'ignore_ament_install']
[1.416s] Level 1:colcon.colcon_core.package_identification:_identify(3rdparty) by extension 'ignore'
[1.416s] Level 1:colcon.colcon_core.package_identification:_identify(3rdparty) by extension 'ignore_ament_install'
[1.416s] Level 1:colcon.colcon_core.package_identification:_identify(3rdparty) by extensions ['colcon_pkg']
[1.417s] Level 1:colcon.colcon_core.package_identification:_identify(3rdparty) by extension 'colcon_pkg'
[1.417s] Level 1:colcon.colcon_core.package_identification:_identify(3rdparty) by extensions ['colcon_meta']
[1.417s] Level 1:colcon.colcon_core.package_identification:_identify(3rdparty) by extension 'colcon_meta'
[1.417s] Level 1:colcon.colcon_core.package_identification:_identify(3rdparty) by extensions ['ros']
[1.418s] Level 1:colcon.colcon_core.package_identification:_identify(3rdparty) by extension 'ros'
[1.418s] Level 1:colcon.colcon_core.package_identification:_identify(3rdparty) by extensions ['cmake', 'python']
[1.418s] Level 1:colcon.colcon_core.package_identification:_identify(3rdparty) by extension 'cmake'
[1.419s] Level 1:colcon.colcon_core.package_identification:_identify(3rdparty) by extension 'python'
[1.419s] Level 1:colcon.colcon_core.package_identification:_identify(3rdparty) by extensions ['python_setup_py']
[1.419s] Level 1:colcon.colcon_core.package_identification:_identify(3rdparty) by extension 'python_setup_py'
[1.420s] Level 1:colcon.colcon_core.package_identification:_identify(3rdparty/ackermann_msgs-ros2) by extensions ['ignore', 'ignore_ament_install']
[1.421s] Level 1:colcon.colcon_core.package_identification:_identify(3rdparty/ackermann_msgs-ros2) by extension 'ignore'
[1.421s] Level 1:colcon.colcon_core.package_identification:_identify(3rdparty/ackermann_msgs-ros2) by extension 'ignore_ament_install'
[1.421s] Level 1:colcon.colcon_core.package_identification:_identify(3rdparty/ackermann_msgs-ros2) by extensions ['colcon_pkg']
[1.422s] Level 1:colcon.colcon_core.package_identification:_identify(3rdparty/ackermann_msgs-ros2) by extension 'colcon_pkg'
[1.422s] Level 1:colcon.colcon_core.package_identification:_identify(3rdparty/ackermann_msgs-ros2) by extensions ['colcon_meta']
[1.422s] Level 1:colcon.colcon_core.package_identification:_identify(3rdparty/ackermann_msgs-ros2) by extension 'colcon_meta'
[1.422s] Level 1:colcon.colcon_core.package_identification:_identify(3rdparty/ackermann_msgs-ros2) by extensions ['ros']
[1.423s] Level 1:colcon.colcon_core.package_identification:_identify(3rdparty/ackermann_msgs-ros2) by extension 'ros'
[1.438s] DEBUG:colcon.colcon_core.package_identification:Package '3rdparty/ackermann_msgs-ros2' with type 'ros.ament_cmake' and name 'ackermann_msgs'
[1.440s] Level 1:colcon.colcon_core.package_identification:_identify(3rdparty/serial_ros2) by extensions ['ignore', 'ignore_ament_install']
[1.441s] Level 1:colcon.colcon_core.package_identification:_identify(3rdparty/serial_ros2) by extension 'ignore'
[1.441s] Level 1:colcon.colcon_core.package_identification:_identify(3rdparty/serial_ros2) by extension 'ignore_ament_install'
[1.442s] Level 1:colcon.colcon_core.package_identification:_identify(3rdparty/serial_ros2) by extensions ['colcon_pkg']
[1.442s] Level 1:colcon.colcon_core.package_identification:_identify(3rdparty/serial_ros2) by extension 'colcon_pkg'
[1.442s] Level 1:colcon.colcon_core.package_identification:_identify(3rdparty/serial_ros2) by extensions ['colcon_meta']
[1.442s] Level 1:colcon.colcon_core.package_identification:_identify(3rdparty/serial_ros2) by extension 'colcon_meta'
[1.443s] Level 1:colcon.colcon_core.package_identification:_identify(3rdparty/serial_ros2) by extensions ['ros']
[1.443s] Level 1:colcon.colcon_core.package_identification:_identify(3rdparty/serial_ros2) by extension 'ros'
[1.448s] DEBUG:colcon.colcon_core.package_identification:Package '3rdparty/serial_ros2' with type 'ros.ament_cmake' and name 'serial'
[1.449s] Level 1:colcon.colcon_core.package_identification:_identify(3rdparty/utils) by extensions ['ignore', 'ignore_ament_install']
[1.450s] Level 1:colcon.colcon_core.package_identification:_identify(3rdparty/utils) by extension 'ignore'
[1.450s] Level 1:colcon.colcon_core.package_identification:_identify(3rdparty/utils) by extension 'ignore_ament_install'
[1.451s] Level 1:colcon.colcon_core.package_identification:_identify(3rdparty/utils) by extensions ['colcon_pkg']
[1.451s] Level 1:colcon.colcon_core.package_identification:_identify(3rdparty/utils) by extension 'colcon_pkg'
[1.451s] Level 1:colcon.colcon_core.package_identification:_identify(3rdparty/utils) by extensions ['colcon_meta']
[1.451s] Level 1:colcon.colcon_core.package_identification:_identify(3rdparty/utils) by extension 'colcon_meta'
[1.452s] Level 1:colcon.colcon_core.package_identification:_identify(3rdparty/utils) by extensions ['ros']
[1.452s] Level 1:colcon.colcon_core.package_identification:_identify(3rdparty/utils) by extension 'ros'
[1.458s] DEBUG:colcon.colcon_core.package_identification:Package '3rdparty/utils' with type 'ros.ament_cmake' and name 'utils'
[1.459s] Level 1:colcon.colcon_core.package_identification:_identify(Aurora933_930) by extensions ['ignore', 'ignore_ament_install']
[1.459s] Level 1:colcon.colcon_core.package_identification:_identify(Aurora933_930) by extension 'ignore'
[1.459s] Level 1:colcon.colcon_core.package_identification:_identify(Aurora933_930) by extension 'ignore_ament_install'
[1.460s] Level 1:colcon.colcon_core.package_identification:_identify(Aurora933_930) by extensions ['colcon_pkg']
[1.460s] Level 1:colcon.colcon_core.package_identification:_identify(Aurora933_930) by extension 'colcon_pkg'
[1.460s] Level 1:colcon.colcon_core.package_identification:_identify(Aurora933_930) by extensions ['colcon_meta']
[1.461s] Level 1:colcon.colcon_core.package_identification:_identify(Aurora933_930) by extension 'colcon_meta'
[1.461s] Level 1:colcon.colcon_core.package_identification:_identify(Aurora933_930) by extensions ['ros']
[1.461s] Level 1:colcon.colcon_core.package_identification:_identify(Aurora933_930) by extension 'ros'
[1.462s] Level 1:colcon.colcon_core.package_identification:_identify(Aurora933_930) by extensions ['cmake', 'python']
[1.462s] Level 1:colcon.colcon_core.package_identification:_identify(Aurora933_930) by extension 'cmake'
[1.462s] Level 1:colcon.colcon_core.package_identification:_identify(Aurora933_930) by extension 'python'
[1.462s] Level 1:colcon.colcon_core.package_identification:_identify(Aurora933_930) by extensions ['python_setup_py']
[1.463s] Level 1:colcon.colcon_core.package_identification:_identify(Aurora933_930) by extension 'python_setup_py'
[1.464s] Level 1:colcon.colcon_core.package_identification:_identify(Aurora933_930/930_ROS) by extensions ['ignore', 'ignore_ament_install']
[1.464s] Level 1:colcon.colcon_core.package_identification:_identify(Aurora933_930/930_ROS) by extension 'ignore'
[1.464s] Level 1:colcon.colcon_core.package_identification:_identify(Aurora933_930/930_ROS) by extension 'ignore_ament_install'
[1.465s] Level 1:colcon.colcon_core.package_identification:_identify(Aurora933_930/930_ROS) by extensions ['colcon_pkg']
[1.465s] Level 1:colcon.colcon_core.package_identification:_identify(Aurora933_930/930_ROS) by extension 'colcon_pkg'
[1.465s] Level 1:colcon.colcon_core.package_identification:_identify(Aurora933_930/930_ROS) by extensions ['colcon_meta']
[1.465s] Level 1:colcon.colcon_core.package_identification:_identify(Aurora933_930/930_ROS) by extension 'colcon_meta'
[1.466s] Level 1:colcon.colcon_core.package_identification:_identify(Aurora933_930/930_ROS) by extensions ['ros']
[1.466s] Level 1:colcon.colcon_core.package_identification:_identify(Aurora933_930/930_ROS) by extension 'ros'
[1.466s] Level 1:colcon.colcon_core.package_identification:_identify(Aurora933_930/930_ROS) by extensions ['cmake', 'python']
[1.467s] Level 1:colcon.colcon_core.package_identification:_identify(Aurora933_930/930_ROS) by extension 'cmake'
[1.467s] Level 1:colcon.colcon_core.package_identification:_identify(Aurora933_930/930_ROS) by extension 'python'
[1.467s] Level 1:colcon.colcon_core.package_identification:_identify(Aurora933_930/930_ROS) by extensions ['python_setup_py']
[1.467s] Level 1:colcon.colcon_core.package_identification:_identify(Aurora933_930/930_ROS) by extension 'python_setup_py'
[1.468s] Level 1:colcon.colcon_core.package_identification:_identify(Aurora933_930/930_ROS/ROS2) by extensions ['ignore', 'ignore_ament_install']
[1.469s] Level 1:colcon.colcon_core.package_identification:_identify(Aurora933_930/930_ROS/ROS2) by extension 'ignore'
[1.470s] Level 1:colcon.colcon_core.package_identification:_identify(Aurora933_930/930_ROS/ROS2) by extension 'ignore_ament_install'
[1.470s] Level 1:colcon.colcon_core.package_identification:_identify(Aurora933_930/930_ROS/ROS2) by extensions ['colcon_pkg']
[1.470s] Level 1:colcon.colcon_core.package_identification:_identify(Aurora933_930/930_ROS/ROS2) by extension 'colcon_pkg'
[1.471s] Level 1:colcon.colcon_core.package_identification:_identify(Aurora933_930/930_ROS/ROS2) by extensions ['colcon_meta']
[1.471s] Level 1:colcon.colcon_core.package_identification:_identify(Aurora933_930/930_ROS/ROS2) by extension 'colcon_meta'
[1.471s] Level 1:colcon.colcon_core.package_identification:_identify(Aurora933_930/930_ROS/ROS2) by extensions ['ros']
[1.472s] Level 1:colcon.colcon_core.package_identification:_identify(Aurora933_930/930_ROS/ROS2) by extension 'ros'
[1.472s] Level 1:colcon.colcon_core.package_identification:_identify(Aurora933_930/930_ROS/ROS2) by extensions ['cmake', 'python']
[1.472s] Level 1:colcon.colcon_core.package_identification:_identify(Aurora933_930/930_ROS/ROS2) by extension 'cmake'
[1.473s] Level 1:colcon.colcon_core.package_identification:_identify(Aurora933_930/930_ROS/ROS2) by extension 'python'
[1.473s] Level 1:colcon.colcon_core.package_identification:_identify(Aurora933_930/930_ROS/ROS2) by extensions ['python_setup_py']
[1.473s] Level 1:colcon.colcon_core.package_identification:_identify(Aurora933_930/930_ROS/ROS2) by extension 'python_setup_py'
[1.475s] Level 1:colcon.colcon_core.package_identification:_identify(Aurora933_930/930_ROS/ROS2/ros2源码) by extensions ['ignore', 'ignore_ament_install']
[1.475s] Level 1:colcon.colcon_core.package_identification:_identify(Aurora933_930/930_ROS/ROS2/ros2源码) by extension 'ignore'
[1.476s] Level 1:colcon.colcon_core.package_identification:_identify(Aurora933_930/930_ROS/ROS2/ros2源码) by extension 'ignore_ament_install'
[1.476s] Level 1:colcon.colcon_core.package_identification:_identify(Aurora933_930/930_ROS/ROS2/ros2源码) by extensions ['colcon_pkg']
[1.476s] Level 1:colcon.colcon_core.package_identification:_identify(Aurora933_930/930_ROS/ROS2/ros2源码) by extension 'colcon_pkg'
[1.476s] Level 1:colcon.colcon_core.package_identification:_identify(Aurora933_930/930_ROS/ROS2/ros2源码) by extensions ['colcon_meta']
[1.477s] Level 1:colcon.colcon_core.package_identification:_identify(Aurora933_930/930_ROS/ROS2/ros2源码) by extension 'colcon_meta'
[1.477s] Level 1:colcon.colcon_core.package_identification:_identify(Aurora933_930/930_ROS/ROS2/ros2源码) by extensions ['ros']
[1.477s] Level 1:colcon.colcon_core.package_identification:_identify(Aurora933_930/930_ROS/ROS2/ros2源码) by extension 'ros'
[1.478s] Level 1:colcon.colcon_core.package_identification:_identify(Aurora933_930/930_ROS/ROS2/ros2源码) by extensions ['cmake', 'python']
[1.478s] Level 1:colcon.colcon_core.package_identification:_identify(Aurora933_930/930_ROS/ROS2/ros2源码) by extension 'cmake'
[1.478s] Level 1:colcon.colcon_core.package_identification:_identify(Aurora933_930/930_ROS/ROS2/ros2源码) by extension 'python'
[1.479s] Level 1:colcon.colcon_core.package_identification:_identify(Aurora933_930/930_ROS/ROS2/ros2源码) by extensions ['python_setup_py']
[1.479s] Level 1:colcon.colcon_core.package_identification:_identify(Aurora933_930/930_ROS/ROS2/ros2源码) by extension 'python_setup_py'
[1.480s] Level 1:colcon.colcon_core.package_identification:_identify(Aurora933_930/930_SDK) by extensions ['ignore', 'ignore_ament_install']
[1.481s] Level 1:colcon.colcon_core.package_identification:_identify(Aurora933_930/930_SDK) by extension 'ignore'
[1.481s] Level 1:colcon.colcon_core.package_identification:_identify(Aurora933_930/930_SDK) by extension 'ignore_ament_install'
[1.482s] Level 1:colcon.colcon_core.package_identification:_identify(Aurora933_930/930_SDK) by extensions ['colcon_pkg']
[1.482s] Level 1:colcon.colcon_core.package_identification:_identify(Aurora933_930/930_SDK) by extension 'colcon_pkg'
[1.482s] Level 1:colcon.colcon_core.package_identification:_identify(Aurora933_930/930_SDK) by extensions ['colcon_meta']
[1.483s] Level 1:colcon.colcon_core.package_identification:_identify(Aurora933_930/930_SDK) by extension 'colcon_meta'
[1.483s] Level 1:colcon.colcon_core.package_identification:_identify(Aurora933_930/930_SDK) by extensions ['ros']
[1.483s] Level 1:colcon.colcon_core.package_identification:_identify(Aurora933_930/930_SDK) by extension 'ros'
[1.484s] Level 1:colcon.colcon_core.package_identification:_identify(Aurora933_930/930_SDK) by extensions ['cmake', 'python']
[1.484s] Level 1:colcon.colcon_core.package_identification:_identify(Aurora933_930/930_SDK) by extension 'cmake'
[1.484s] Level 1:colcon.colcon_core.package_identification:_identify(Aurora933_930/930_SDK) by extension 'python'
[1.484s] Level 1:colcon.colcon_core.package_identification:_identify(Aurora933_930/930_SDK) by extensions ['python_setup_py']
[1.485s] Level 1:colcon.colcon_core.package_identification:_identify(Aurora933_930/930_SDK) by extension 'python_setup_py'
[1.486s] Level 1:colcon.colcon_core.package_identification:_identify(Aurora933_930/930_SDK/LINUX) by extensions ['ignore', 'ignore_ament_install']
[1.486s] Level 1:colcon.colcon_core.package_identification:_identify(Aurora933_930/930_SDK/LINUX) by extension 'ignore'
[1.487s] Level 1:colcon.colcon_core.package_identification:_identify(Aurora933_930/930_SDK/LINUX) by extension 'ignore_ament_install'
[1.487s] Level 1:colcon.colcon_core.package_identification:_identify(Aurora933_930/930_SDK/LINUX) by extensions ['colcon_pkg']
[1.487s] Level 1:colcon.colcon_core.package_identification:_identify(Aurora933_930/930_SDK/LINUX) by extension 'colcon_pkg'
[1.487s] Level 1:colcon.colcon_core.package_identification:_identify(Aurora933_930/930_SDK/LINUX) by extensions ['colcon_meta']
[1.488s] Level 1:colcon.colcon_core.package_identification:_identify(Aurora933_930/930_SDK/LINUX) by extension 'colcon_meta'
[1.488s] Level 1:colcon.colcon_core.package_identification:_identify(Aurora933_930/930_SDK/LINUX) by extensions ['ros']
[1.488s] Level 1:colcon.colcon_core.package_identification:_identify(Aurora933_930/930_SDK/LINUX) by extension 'ros'
[1.489s] Level 1:colcon.colcon_core.package_identification:_identify(Aurora933_930/930_SDK/LINUX) by extensions ['cmake', 'python']
[1.489s] Level 1:colcon.colcon_core.package_identification:_identify(Aurora933_930/930_SDK/LINUX) by extension 'cmake'
[1.489s] Level 1:colcon.colcon_core.package_identification:_identify(Aurora933_930/930_SDK/LINUX) by extension 'python'
[1.490s] Level 1:colcon.colcon_core.package_identification:_identify(Aurora933_930/930_SDK/LINUX) by extensions ['python_setup_py']
[1.490s] Level 1:colcon.colcon_core.package_identification:_identify(Aurora933_930/930_SDK/LINUX) by extension 'python_setup_py'
[1.490s] Level 1:colcon.colcon_core.package_identification:_identify(build) by extensions ['ignore', 'ignore_ament_install']
[1.491s] Level 1:colcon.colcon_core.package_identification:_identify(build) by extension 'ignore'
[1.491s] Level 1:colcon.colcon_core.package_identification:_identify(build) ignored
[1.492s] Level 1:colcon.colcon_core.package_identification:_identify(deptrum-ros-driver-aurora930) by extensions ['ignore', 'ignore_ament_install']
[1.493s] Level 1:colcon.colcon_core.package_identification:_identify(deptrum-ros-driver-aurora930) by extension 'ignore'
[1.493s] Level 1:colcon.colcon_core.package_identification:_identify(deptrum-ros-driver-aurora930) by extension 'ignore_ament_install'
[1.493s] Level 1:colcon.colcon_core.package_identification:_identify(deptrum-ros-driver-aurora930) by extensions ['colcon_pkg']
[1.493s] Level 1:colcon.colcon_core.package_identification:_identify(deptrum-ros-driver-aurora930) by extension 'colcon_pkg'
[1.494s] Level 1:colcon.colcon_core.package_identification:_identify(deptrum-ros-driver-aurora930) by extensions ['colcon_meta']
[1.494s] Level 1:colcon.colcon_core.package_identification:_identify(deptrum-ros-driver-aurora930) by extension 'colcon_meta'
[1.494s] Level 1:colcon.colcon_core.package_identification:_identify(deptrum-ros-driver-aurora930) by extensions ['ros']
[1.494s] Level 1:colcon.colcon_core.package_identification:_identify(deptrum-ros-driver-aurora930) by extension 'ros'
[1.502s] DEBUG:colcon.colcon_core.package_identification:Package 'deptrum-ros-driver-aurora930' with type 'ros.ament_cmake' and name 'deptrum-ros-driver-aurora930'
[1.503s] Level 1:colcon.colcon_core.package_identification:_identify(install) by extensions ['ignore', 'ignore_ament_install']
[1.503s] Level 1:colcon.colcon_core.package_identification:_identify(install) by extension 'ignore'
[1.504s] Level 1:colcon.colcon_core.package_identification:_identify(install) ignored
[1.505s] Level 1:colcon.colcon_core.package_identification:_identify(lidar) by extensions ['ignore', 'ignore_ament_install']
[1.506s] Level 1:colcon.colcon_core.package_identification:_identify(lidar) by extension 'ignore'
[1.506s] Level 1:colcon.colcon_core.package_identification:_identify(lidar) by extension 'ignore_ament_install'
[1.507s] Level 1:colcon.colcon_core.package_identification:_identify(lidar) by extensions ['colcon_pkg']
[1.507s] Level 1:colcon.colcon_core.package_identification:_identify(lidar) by extension 'colcon_pkg'
[1.507s] Level 1:colcon.colcon_core.package_identification:_identify(lidar) by extensions ['colcon_meta']
[1.507s] Level 1:colcon.colcon_core.package_identification:_identify(lidar) by extension 'colcon_meta'
[1.508s] Level 1:colcon.colcon_core.package_identification:_identify(lidar) by extensions ['ros']
[1.508s] Level 1:colcon.colcon_core.package_identification:_identify(lidar) by extension 'ros'
[1.509s] Level 1:colcon.colcon_core.package_identification:_identify(lidar) by extensions ['cmake', 'python']
[1.509s] Level 1:colcon.colcon_core.package_identification:_identify(lidar) by extension 'cmake'
[1.509s] Level 1:colcon.colcon_core.package_identification:_identify(lidar) by extension 'python'
[1.509s] Level 1:colcon.colcon_core.package_identification:_identify(lidar) by extensions ['python_setup_py']
[1.509s] Level 1:colcon.colcon_core.package_identification:_identify(lidar) by extension 'python_setup_py'
[1.511s] Level 1:colcon.colcon_core.package_identification:_identify(lidar/lslidar_ros2) by extensions ['ignore', 'ignore_ament_install']
[1.512s] Level 1:colcon.colcon_core.package_identification:_identify(lidar/lslidar_ros2) by extension 'ignore'
[1.512s] Level 1:colcon.colcon_core.package_identification:_identify(lidar/lslidar_ros2) by extension 'ignore_ament_install'
[1.513s] Level 1:colcon.colcon_core.package_identification:_identify(lidar/lslidar_ros2) by extensions ['colcon_pkg']
[1.513s] Level 1:colcon.colcon_core.package_identification:_identify(lidar/lslidar_ros2) by extension 'colcon_pkg'
[1.513s] Level 1:colcon.colcon_core.package_identification:_identify(lidar/lslidar_ros2) by extensions ['colcon_meta']
[1.513s] Level 1:colcon.colcon_core.package_identification:_identify(lidar/lslidar_ros2) by extension 'colcon_meta'
[1.514s] Level 1:colcon.colcon_core.package_identification:_identify(lidar/lslidar_ros2) by extensions ['ros']
[1.514s] Level 1:colcon.colcon_core.package_identification:_identify(lidar/lslidar_ros2) by extension 'ros'
[1.515s] Level 1:colcon.colcon_core.package_identification:_identify(lidar/lslidar_ros2) by extensions ['cmake', 'python']
[1.515s] Level 1:colcon.colcon_core.package_identification:_identify(lidar/lslidar_ros2) by extension 'cmake'
[1.515s] Level 1:colcon.colcon_core.package_identification:_identify(lidar/lslidar_ros2) by extension 'python'
[1.515s] Level 1:colcon.colcon_core.package_identification:_identify(lidar/lslidar_ros2) by extensions ['python_setup_py']
[1.516s] Level 1:colcon.colcon_core.package_identification:_identify(lidar/lslidar_ros2) by extension 'python_setup_py'
[1.517s] Level 1:colcon.colcon_core.package_identification:_identify(lidar/lslidar_ros2/lslidar_driver) by extensions ['ignore', 'ignore_ament_install']
[1.517s] Level 1:colcon.colcon_core.package_identification:_identify(lidar/lslidar_ros2/lslidar_driver) by extension 'ignore'
[1.518s] Level 1:colcon.colcon_core.package_identification:_identify(lidar/lslidar_ros2/lslidar_driver) by extension 'ignore_ament_install'
[1.518s] Level 1:colcon.colcon_core.package_identification:_identify(lidar/lslidar_ros2/lslidar_driver) by extensions ['colcon_pkg']
[1.518s] Level 1:colcon.colcon_core.package_identification:_identify(lidar/lslidar_ros2/lslidar_driver) by extension 'colcon_pkg'
[1.518s] Level 1:colcon.colcon_core.package_identification:_identify(lidar/lslidar_ros2/lslidar_driver) by extensions ['colcon_meta']
[1.519s] Level 1:colcon.colcon_core.package_identification:_identify(lidar/lslidar_ros2/lslidar_driver) by extension 'colcon_meta'
[1.519s] Level 1:colcon.colcon_core.package_identification:_identify(lidar/lslidar_ros2/lslidar_driver) by extensions ['ros']
[1.519s] Level 1:colcon.colcon_core.package_identification:_identify(lidar/lslidar_ros2/lslidar_driver) by extension 'ros'
[1.520s] Level 1:colcon.colcon_core.package_identification:_identify(lidar/lslidar_ros2/lslidar_driver) by extensions ['cmake', 'python']
[1.520s] Level 1:colcon.colcon_core.package_identification:_identify(lidar/lslidar_ros2/lslidar_driver) by extension 'cmake'
[1.520s] Level 1:colcon.colcon_core.package_identification:_identify(lidar/lslidar_ros2/lslidar_driver) by extension 'python'
[1.520s] Level 1:colcon.colcon_core.package_identification:_identify(lidar/lslidar_ros2/lslidar_driver) by extensions ['python_setup_py']
[1.521s] Level 1:colcon.colcon_core.package_identification:_identify(lidar/lslidar_ros2/lslidar_driver) by extension 'python_setup_py'
[1.522s] Level 1:colcon.colcon_core.package_identification:_identify(lidar/lslidar_ros2/lslidar_driver/lslidar_driver) by extensions ['ignore', 'ignore_ament_install']
[1.522s] Level 1:colcon.colcon_core.package_identification:_identify(lidar/lslidar_ros2/lslidar_driver/lslidar_driver) by extension 'ignore'
[1.523s] Level 1:colcon.colcon_core.package_identification:_identify(lidar/lslidar_ros2/lslidar_driver/lslidar_driver) by extension 'ignore_ament_install'
[1.523s] Level 1:colcon.colcon_core.package_identification:_identify(lidar/lslidar_ros2/lslidar_driver/lslidar_driver) by extensions ['colcon_pkg']
[1.523s] Level 1:colcon.colcon_core.package_identification:_identify(lidar/lslidar_ros2/lslidar_driver/lslidar_driver) by extension 'colcon_pkg'
[1.523s] Level 1:colcon.colcon_core.package_identification:_identify(lidar/lslidar_ros2/lslidar_driver/lslidar_driver) by extensions ['colcon_meta']
[1.524s] Level 1:colcon.colcon_core.package_identification:_identify(lidar/lslidar_ros2/lslidar_driver/lslidar_driver) by extension 'colcon_meta'
[1.524s] Level 1:colcon.colcon_core.package_identification:_identify(lidar/lslidar_ros2/lslidar_driver/lslidar_driver) by extensions ['ros']
[1.524s] Level 1:colcon.colcon_core.package_identification:_identify(lidar/lslidar_ros2/lslidar_driver/lslidar_driver) by extension 'ros'
[1.529s] DEBUG:colcon.colcon_core.package_identification:Package 'lidar/lslidar_ros2/lslidar_driver/lslidar_driver' with type 'ros.ament_cmake' and name 'lslidar_driver'
[1.530s] Level 1:colcon.colcon_core.package_identification:_identify(lidar/lslidar_ros2/lslidar_msgs) by extensions ['ignore', 'ignore_ament_install']
[1.531s] Level 1:colcon.colcon_core.package_identification:_identify(lidar/lslidar_ros2/lslidar_msgs) by extension 'ignore'
[1.531s] Level 1:colcon.colcon_core.package_identification:_identify(lidar/lslidar_ros2/lslidar_msgs) by extension 'ignore_ament_install'
[1.531s] Level 1:colcon.colcon_core.package_identification:_identify(lidar/lslidar_ros2/lslidar_msgs) by extensions ['colcon_pkg']
[1.532s] Level 1:colcon.colcon_core.package_identification:_identify(lidar/lslidar_ros2/lslidar_msgs) by extension 'colcon_pkg'
[1.532s] Level 1:colcon.colcon_core.package_identification:_identify(lidar/lslidar_ros2/lslidar_msgs) by extensions ['colcon_meta']
[1.532s] Level 1:colcon.colcon_core.package_identification:_identify(lidar/lslidar_ros2/lslidar_msgs) by extension 'colcon_meta'
[1.532s] Level 1:colcon.colcon_core.package_identification:_identify(lidar/lslidar_ros2/lslidar_msgs) by extensions ['ros']
[1.533s] Level 1:colcon.colcon_core.package_identification:_identify(lidar/lslidar_ros2/lslidar_msgs) by extension 'ros'
[1.533s] Level 1:colcon.colcon_core.package_identification:_identify(lidar/lslidar_ros2/lslidar_msgs) by extensions ['cmake', 'python']
[1.533s] Level 1:colcon.colcon_core.package_identification:_identify(lidar/lslidar_ros2/lslidar_msgs) by extension 'cmake'
[1.534s] Level 1:colcon.colcon_core.package_identification:_identify(lidar/lslidar_ros2/lslidar_msgs) by extension 'python'
[1.534s] Level 1:colcon.colcon_core.package_identification:_identify(lidar/lslidar_ros2/lslidar_msgs) by extensions ['python_setup_py']
[1.534s] Level 1:colcon.colcon_core.package_identification:_identify(lidar/lslidar_ros2/lslidar_msgs) by extension 'python_setup_py'
[1.535s] Level 1:colcon.colcon_core.package_identification:_identify(lidar/lslidar_ros2/lslidar_msgs/lslidar_msgs) by extensions ['ignore', 'ignore_ament_install']
[1.536s] Level 1:colcon.colcon_core.package_identification:_identify(lidar/lslidar_ros2/lslidar_msgs/lslidar_msgs) by extension 'ignore'
[1.537s] Level 1:colcon.colcon_core.package_identification:_identify(lidar/lslidar_ros2/lslidar_msgs/lslidar_msgs) by extension 'ignore_ament_install'
[1.537s] Level 1:colcon.colcon_core.package_identification:_identify(lidar/lslidar_ros2/lslidar_msgs/lslidar_msgs) by extensions ['colcon_pkg']
[1.538s] Level 1:colcon.colcon_core.package_identification:_identify(lidar/lslidar_ros2/lslidar_msgs/lslidar_msgs) by extension 'colcon_pkg'
[1.538s] Level 1:colcon.colcon_core.package_identification:_identify(lidar/lslidar_ros2/lslidar_msgs/lslidar_msgs) by extensions ['colcon_meta']
[1.538s] Level 1:colcon.colcon_core.package_identification:_identify(lidar/lslidar_ros2/lslidar_msgs/lslidar_msgs) by extension 'colcon_meta'
[1.539s] Level 1:colcon.colcon_core.package_identification:_identify(lidar/lslidar_ros2/lslidar_msgs/lslidar_msgs) by extensions ['ros']
[1.539s] Level 1:colcon.colcon_core.package_identification:_identify(lidar/lslidar_ros2/lslidar_msgs/lslidar_msgs) by extension 'ros'
[1.543s] DEBUG:colcon.colcon_core.package_identification:Package 'lidar/lslidar_ros2/lslidar_msgs/lslidar_msgs' with type 'ros.ament_cmake' and name 'lslidar_msgs'
[1.545s] Level 1:colcon.colcon_core.package_identification:_identify(lidar/vp100_ros2) by extensions ['ignore', 'ignore_ament_install']
[1.546s] Level 1:colcon.colcon_core.package_identification:_identify(lidar/vp100_ros2) by extension 'ignore'
[1.546s] Level 1:colcon.colcon_core.package_identification:_identify(lidar/vp100_ros2) by extension 'ignore_ament_install'
[1.547s] Level 1:colcon.colcon_core.package_identification:_identify(lidar/vp100_ros2) by extensions ['colcon_pkg']
[1.547s] Level 1:colcon.colcon_core.package_identification:_identify(lidar/vp100_ros2) by extension 'colcon_pkg'
[1.547s] Level 1:colcon.colcon_core.package_identification:_identify(lidar/vp100_ros2) by extensions ['colcon_meta']
[1.548s] Level 1:colcon.colcon_core.package_identification:_identify(lidar/vp100_ros2) by extension 'colcon_meta'
[1.548s] Level 1:colcon.colcon_core.package_identification:_identify(lidar/vp100_ros2) by extensions ['ros']
[1.548s] Level 1:colcon.colcon_core.package_identification:_identify(lidar/vp100_ros2) by extension 'ros'
[1.553s] DEBUG:colcon.colcon_core.package_identification:Package 'lidar/vp100_ros2' with type 'ros.ament_cmake' and name 'vp100_ros2'
[1.554s] Level 1:colcon.colcon_core.package_identification:_identify(log) by extensions ['ignore', 'ignore_ament_install']
[1.554s] Level 1:colcon.colcon_core.package_identification:_identify(log) by extension 'ignore'
[1.554s] Level 1:colcon.colcon_core.package_identification:_identify(log) ignored
[1.555s] Level 1:colcon.colcon_core.package_identification:_identify(origincar_base) by extensions ['ignore', 'ignore_ament_install']
[1.555s] Level 1:colcon.colcon_core.package_identification:_identify(origincar_base) by extension 'ignore'
[1.555s] Level 1:colcon.colcon_core.package_identification:_identify(origincar_base) by extension 'ignore_ament_install'
[1.556s] Level 1:colcon.colcon_core.package_identification:_identify(origincar_base) by extensions ['colcon_pkg']
[1.556s] Level 1:colcon.colcon_core.package_identification:_identify(origincar_base) by extension 'colcon_pkg'
[1.556s] Level 1:colcon.colcon_core.package_identification:_identify(origincar_base) by extensions ['colcon_meta']
[1.557s] Level 1:colcon.colcon_core.package_identification:_identify(origincar_base) by extension 'colcon_meta'
[1.557s] Level 1:colcon.colcon_core.package_identification:_identify(origincar_base) by extensions ['ros']
[1.557s] Level 1:colcon.colcon_core.package_identification:_identify(origincar_base) by extension 'ros'
[1.572s] DEBUG:colcon.colcon_core.package_identification:Package 'origincar_base' with type 'ros.ament_cmake' and name 'origincar_base'
[1.573s] Level 1:colcon.colcon_core.package_identification:_identify(origincar_bringup) by extensions ['ignore', 'ignore_ament_install']
[1.574s] Level 1:colcon.colcon_core.package_identification:_identify(origincar_bringup) by extension 'ignore'
[1.574s] Level 1:colcon.colcon_core.package_identification:_identify(origincar_bringup) by extension 'ignore_ament_install'
[1.574s] Level 1:colcon.colcon_core.package_identification:_identify(origincar_bringup) by extensions ['colcon_pkg']
[1.575s] Level 1:colcon.colcon_core.package_identification:_identify(origincar_bringup) by extension 'colcon_pkg'
[1.575s] Level 1:colcon.colcon_core.package_identification:_identify(origincar_bringup) by extensions ['colcon_meta']
[1.575s] Level 1:colcon.colcon_core.package_identification:_identify(origincar_bringup) by extension 'colcon_meta'
[1.575s] Level 1:colcon.colcon_core.package_identification:_identify(origincar_bringup) by extensions ['ros']
[1.575s] Level 1:colcon.colcon_core.package_identification:_identify(origincar_bringup) by extension 'ros'
[1.582s] DEBUG:colcon.colcon_core.package_identification:Package 'origincar_bringup' with type 'ros.ament_cmake' and name 'origincar_bringup'
[1.583s] Level 1:colcon.colcon_core.package_identification:_identify(origincar_competition) by extensions ['ignore', 'ignore_ament_install']
[1.583s] Level 1:colcon.colcon_core.package_identification:_identify(origincar_competition) by extension 'ignore'
[1.584s] Level 1:colcon.colcon_core.package_identification:_identify(origincar_competition) by extension 'ignore_ament_install'
[1.584s] Level 1:colcon.colcon_core.package_identification:_identify(origincar_competition) by extensions ['colcon_pkg']
[1.584s] Level 1:colcon.colcon_core.package_identification:_identify(origincar_competition) by extension 'colcon_pkg'
[1.584s] Level 1:colcon.colcon_core.package_identification:_identify(origincar_competition) by extensions ['colcon_meta']
[1.585s] Level 1:colcon.colcon_core.package_identification:_identify(origincar_competition) by extension 'colcon_meta'
[1.585s] Level 1:colcon.colcon_core.package_identification:_identify(origincar_competition) by extensions ['ros']
[1.585s] Level 1:colcon.colcon_core.package_identification:_identify(origincar_competition) by extension 'ros'
[1.597s] DEBUG:colcon.colcon_core.package_identification:Package 'origincar_competition' with type 'ros.ament_cmake' and name 'origincar_competition'
[1.598s] Level 1:colcon.colcon_core.package_identification:_identify(origincar_description) by extensions ['ignore', 'ignore_ament_install']
[1.598s] Level 1:colcon.colcon_core.package_identification:_identify(origincar_description) by extension 'ignore'
[1.599s] Level 1:colcon.colcon_core.package_identification:_identify(origincar_description) by extension 'ignore_ament_install'
[1.599s] Level 1:colcon.colcon_core.package_identification:_identify(origincar_description) by extensions ['colcon_pkg']
[1.599s] Level 1:colcon.colcon_core.package_identification:_identify(origincar_description) by extension 'colcon_pkg'
[1.600s] Level 1:colcon.colcon_core.package_identification:_identify(origincar_description) by extensions ['colcon_meta']
[1.600s] Level 1:colcon.colcon_core.package_identification:_identify(origincar_description) by extension 'colcon_meta'
[1.600s] Level 1:colcon.colcon_core.package_identification:_identify(origincar_description) by extensions ['ros']
[1.600s] Level 1:colcon.colcon_core.package_identification:_identify(origincar_description) by extension 'ros'
[1.606s] DEBUG:colcon.colcon_core.package_identification:Package 'origincar_description' with type 'ros.ament_cmake' and name 'origincar_description'
[1.607s] Level 1:colcon.colcon_core.package_identification:_identify(origincar_msg) by extensions ['ignore', 'ignore_ament_install']
[1.608s] Level 1:colcon.colcon_core.package_identification:_identify(origincar_msg) by extension 'ignore'
[1.608s] Level 1:colcon.colcon_core.package_identification:_identify(origincar_msg) by extension 'ignore_ament_install'
[1.609s] Level 1:colcon.colcon_core.package_identification:_identify(origincar_msg) by extensions ['colcon_pkg']
[1.609s] Level 1:colcon.colcon_core.package_identification:_identify(origincar_msg) by extension 'colcon_pkg'
[1.609s] Level 1:colcon.colcon_core.package_identification:_identify(origincar_msg) by extensions ['colcon_meta']
[1.609s] Level 1:colcon.colcon_core.package_identification:_identify(origincar_msg) by extension 'colcon_meta'
[1.610s] Level 1:colcon.colcon_core.package_identification:_identify(origincar_msg) by extensions ['ros']
[1.610s] Level 1:colcon.colcon_core.package_identification:_identify(origincar_msg) by extension 'ros'
[1.614s] DEBUG:colcon.colcon_core.package_identification:Package 'origincar_msg' with type 'ros.ament_cmake' and name 'origincar_msg'
[1.615s] Level 1:colcon.colcon_core.package_discovery:discover_packages(recursive) using defaults
[1.615s] Level 1:colcon.colcon_core.package_discovery:discover_packages(ignore) discover
[1.615s] Level 1:colcon.colcon_core.package_discovery:discover_packages(ignore) using defaults
[1.615s] Level 1:colcon.colcon_core.package_discovery:discover_packages(path) discover
[1.616s] Level 1:colcon.colcon_core.package_discovery:discover_packages(path) using defaults
[1.779s] INFO:colcon.colcon_core.package_selection:Skipping not selected package 'ackermann_msgs' in '3rdparty/ackermann_msgs-ros2'
[1.780s] INFO:colcon.colcon_core.package_selection:Skipping not selected package 'deptrum-ros-driver-aurora930' in 'deptrum-ros-driver-aurora930'
[1.780s] INFO:colcon.colcon_core.package_selection:Skipping not selected package 'lslidar_msgs' in 'lidar/lslidar_ros2/lslidar_msgs/lslidar_msgs'
[1.780s] INFO:colcon.colcon_core.package_selection:Skipping not selected package 'origincar_bringup' in 'origincar_bringup'
[1.780s] INFO:colcon.colcon_core.package_selection:Skipping not selected package 'origincar_description' in 'origincar_description'
[1.780s] INFO:colcon.colcon_core.package_selection:Skipping not selected package 'origincar_msg' in 'origincar_msg'
[1.781s] INFO:colcon.colcon_core.package_selection:Skipping not selected package 'serial' in '3rdparty/serial_ros2'
[1.781s] INFO:colcon.colcon_core.package_selection:Skipping not selected package 'utils' in '3rdparty/utils'
[1.781s] INFO:colcon.colcon_core.package_selection:Skipping not selected package 'vp100_ros2' in 'lidar/vp100_ros2'
[1.781s] INFO:colcon.colcon_core.package_selection:Skipping not selected package 'lslidar_driver' in 'lidar/lslidar_ros2/lslidar_driver/lslidar_driver'
[1.781s] INFO:colcon.colcon_core.package_selection:Skipping not selected package 'origincar_base' in 'origincar_base'
[1.784s] Level 1:colcon.colcon_core.package_discovery:discover_packages(prefix_path) check parameters
[1.785s] Level 1:colcon.colcon_core.package_discovery:discover_packages(prefix_path) discover
[1.805s] DEBUG:colcon.colcon_installed_package_information.package_discovery:Found 12 installed packages in /userdata/dev_ws/install
[1.809s] DEBUG:colcon.colcon_installed_package_information.package_discovery:Found 58 installed packages in /opt/tros/humble
[1.820s] DEBUG:colcon.colcon_installed_package_information.package_discovery:Found 287 installed packages in /opt/ros/humble
[1.832s] Level 1:colcon.colcon_core.package_discovery:discover_packages(prefix_path) using defaults
[2.200s] Level 5:colcon.colcon_core.verb:set package 'origincar_competition' build argument 'cmake_args' from command line to 'None'
[2.200s] Level 5:colcon.colcon_core.verb:set package 'origincar_competition' build argument 'cmake_target' from command line to 'None'
[2.200s] Level 5:colcon.colcon_core.verb:set package 'origincar_competition' build argument 'cmake_target_skip_unavailable' from command line to 'False'
[2.201s] Level 5:colcon.colcon_core.verb:set package 'origincar_competition' build argument 'cmake_clean_cache' from command line to 'False'
[2.201s] Level 5:colcon.colcon_core.verb:set package 'origincar_competition' build argument 'cmake_clean_first' from command line to 'False'
[2.201s] Level 5:colcon.colcon_core.verb:set package 'origincar_competition' build argument 'cmake_force_configure' from command line to 'False'
[2.201s] Level 5:colcon.colcon_core.verb:set package 'origincar_competition' build argument 'ament_cmake_args' from command line to 'None'
[2.201s] Level 5:colcon.colcon_core.verb:set package 'origincar_competition' build argument 'catkin_cmake_args' from command line to 'None'
[2.201s] Level 5:colcon.colcon_core.verb:set package 'origincar_competition' build argument 'catkin_skip_building_tests' from command line to 'False'
[2.202s] DEBUG:colcon.colcon_core.verb:Building package 'origincar_competition' with the following arguments: {'ament_cmake_args': None, 'build_base': '/userdata/dev_ws/src/build/origincar_competition', 'catkin_cmake_args': None, 'catkin_skip_building_tests': False, 'cmake_args': None, 'cmake_clean_cache': False, 'cmake_clean_first': False, 'cmake_force_configure': False, 'cmake_target': None, 'cmake_target_skip_unavailable': False, 'install_base': '/userdata/dev_ws/src/install/origincar_competition', 'merge_install': False, 'path': '/userdata/dev_ws/src/origincar_competition', 'symlink_install': False, 'test_result_base': None}
[2.203s] INFO:colcon.colcon_core.executor:Executing jobs using 'parallel' executor
[2.209s] DEBUG:colcon.colcon_parallel_executor.executor.parallel:run_until_complete
[2.210s] INFO:colcon.colcon_ros.task.ament_cmake.build:Building ROS package in '/userdata/dev_ws/src/origincar_competition' with build type 'ament_cmake'
[2.211s] INFO:colcon.colcon_cmake.task.cmake.build:Building CMake package in '/userdata/dev_ws/src/origincar_competition'
[2.233s] INFO:colcon.colcon_core.plugin_system:Skipping extension 'colcon_core.shell.bat': Not used on non-Windows systems
[2.234s] INFO:colcon.colcon_core.shell:Skip shell extension 'powershell' for command environment: Not usable outside of PowerShell
[2.235s] DEBUG:colcon.colcon_core.shell:Skip shell extension 'dsv' for command environment
[2.254s] WARNING:colcon.colcon_core.shell:The following packages are in the workspace but haven't been built:
- ackermann_msgs
- origincar_msg
- serial
They are being used from the following locations instead:
- /userdata/dev_ws/install/ackermann_msgs
- /userdata/dev_ws/install/origincar_msg
- /userdata/dev_ws/install/serial
To suppress this warning ignore these packages in the workspace:
--packages-ignore ackermann_msgs origincar_msg serial
[2.278s] DEBUG:colcon.colcon_core.event_handler.log_command:Invoking command in '/userdata/dev_ws/src/build/origincar_competition': CMAKE_PREFIX_PATH=${CMAKE_PREFIX_PATH}:/opt/tros/humble:/opt/ros/humble /usr/bin/cmake /userdata/dev_ws/src/origincar_competition -DCMAKE_INSTALL_PREFIX=/userdata/dev_ws/src/install/origincar_competition
[13.244s] DEBUG:colcon.colcon_core.event_handler.log_command:Invoked command in '/userdata/dev_ws/src/build/origincar_competition' returned '0': CMAKE_PREFIX_PATH=${CMAKE_PREFIX_PATH}:/opt/tros/humble:/opt/ros/humble /usr/bin/cmake /userdata/dev_ws/src/origincar_competition -DCMAKE_INSTALL_PREFIX=/userdata/dev_ws/src/install/origincar_competition
[13.258s] DEBUG:colcon.colcon_core.event_handler.log_command:Invoking command in '/userdata/dev_ws/src/build/origincar_competition': CMAKE_PREFIX_PATH=${CMAKE_PREFIX_PATH}:/opt/tros/humble:/opt/ros/humble /usr/bin/cmake --build /userdata/dev_ws/src/build/origincar_competition -- -j8 -l8
[115.680s] DEBUG:colcon.colcon_core.event_handler.log_command:Invoked command in '/userdata/dev_ws/src/build/origincar_competition' returned '2': CMAKE_PREFIX_PATH=${CMAKE_PREFIX_PATH}:/opt/tros/humble:/opt/ros/humble /usr/bin/cmake --build /userdata/dev_ws/src/build/origincar_competition -- -j8 -l8
[115.689s] Level 1:colcon.colcon_core.environment:create_environment_scripts_only(origincar_competition)
[115.732s] Level 1:colcon.colcon_core.environment:checking '/userdata/dev_ws/src/install/origincar_competition' for CMake module files
[115.736s] Level 1:colcon.colcon_core.environment:checking '/userdata/dev_ws/src/install/origincar_competition' for CMake config files
[115.740s] Level 1:colcon.colcon_core.environment:checking '/userdata/dev_ws/src/install/origincar_competition/bin'
[115.741s] Level 1:colcon.colcon_core.environment:checking '/userdata/dev_ws/src/install/origincar_competition/lib/pkgconfig/origincar_competition.pc'
[115.744s] Level 1:colcon.colcon_core.environment:checking '/userdata/dev_ws/src/install/origincar_competition/lib/python3.10/site-packages'
[115.750s] Level 1:colcon.colcon_core.environment:checking '/userdata/dev_ws/src/install/origincar_competition/bin'
[115.752s] INFO:colcon.colcon_core.shell:Creating package script '/userdata/dev_ws/src/install/origincar_competition/share/origincar_competition/package.ps1'
[115.763s] INFO:colcon.colcon_core.shell:Creating package descriptor '/userdata/dev_ws/src/install/origincar_competition/share/origincar_competition/package.dsv'
[115.767s] INFO:colcon.colcon_core.shell:Creating package script '/userdata/dev_ws/src/install/origincar_competition/share/origincar_competition/package.sh'
[115.774s] INFO:colcon.colcon_core.shell:Creating package script '/userdata/dev_ws/src/install/origincar_competition/share/origincar_competition/package.bash'
[115.780s] INFO:colcon.colcon_core.shell:Creating package script '/userdata/dev_ws/src/install/origincar_competition/share/origincar_competition/package.zsh'
[115.787s] Level 1:colcon.colcon_core.environment:create_file_with_runtime_dependencies(/userdata/dev_ws/src/install/origincar_competition/share/colcon-core/packages/origincar_competition)
[115.800s] DEBUG:colcon.colcon_parallel_executor.executor.parallel:closing loop
[115.800s] DEBUG:colcon.colcon_parallel_executor.executor.parallel:loop closed
[115.801s] DEBUG:colcon.colcon_parallel_executor.executor.parallel:run_until_complete finished with '2'
[115.801s] DEBUG:colcon.colcon_core.event_reactor:joining thread
[115.804s] DEBUG:colcon.colcon_core.event_reactor:joined thread
[115.806s] INFO:colcon.colcon_core.shell:Creating prefix script '/userdata/dev_ws/src/install/local_setup.ps1'
[115.813s] INFO:colcon.colcon_core.shell:Creating prefix util module '/userdata/dev_ws/src/install/_local_setup_util_ps1.py'
[115.824s] INFO:colcon.colcon_core.shell:Creating prefix chain script '/userdata/dev_ws/src/install/setup.ps1'
[115.837s] INFO:colcon.colcon_core.shell:Creating prefix script '/userdata/dev_ws/src/install/local_setup.sh'
[115.841s] INFO:colcon.colcon_core.shell:Creating prefix util module '/userdata/dev_ws/src/install/_local_setup_util_sh.py'
[115.844s] INFO:colcon.colcon_core.shell:Creating prefix chain script '/userdata/dev_ws/src/install/setup.sh'
[115.856s] INFO:colcon.colcon_core.shell:Creating prefix script '/userdata/dev_ws/src/install/local_setup.bash'
[115.860s] INFO:colcon.colcon_core.shell:Creating prefix chain script '/userdata/dev_ws/src/install/setup.bash'
[115.871s] INFO:colcon.colcon_core.shell:Creating prefix script '/userdata/dev_ws/src/install/local_setup.zsh'
[115.874s] INFO:colcon.colcon_core.shell:Creating prefix chain script '/userdata/dev_ws/src/install/setup.zsh'
