[0.063s] Invoking command in '/userdata/dev_ws/src/build/origincar_competition': CMAKE_PREFIX_PATH=${CMAKE_PREFIX_PATH}:/opt/tros/humble:/opt/ros/humble /usr/bin/cmake /userdata/dev_ws/src/origincar_competition -DCMAKE_INSTALL_PREFIX=/userdata/dev_ws/src/install/origincar_competition
[0.688s] -- The C compiler identification is GNU 11.2.0
[1.288s] -- The CXX compiler identification is GNU 11.2.0
[1.343s] -- Detecting C compiler ABI info
[1.766s] -- Detecting C compiler ABI info - done
[1.833s] -- Check for working C compiler: /usr/bin/cc - skipped
[1.835s] -- Detecting C compile features
[1.838s] -- Detecting C compile features - done
[1.857s] -- Detecting CXX compiler ABI info
[2.317s] -- Detecting CXX compiler ABI info - done
[2.392s] -- Check for working CXX compiler: /usr/bin/c++ - skipped
[2.393s] -- Detecting CXX compile features
[2.396s] -- Detecting CXX compile features - done
[2.427s] -- Found ament_cmake: 1.3.12 (/opt/ros/humble/share/ament_cmake/cmake)
[5.142s] -- Found Python3: /usr/bin/python3 (found version "3.10.12") found components: Interpreter 
[5.856s] -- Found hbm_img_msgs: 2.0.0 (/opt/tros/humble/share/hbm_img_msgs/cmake)
[6.116s] -- Found rosidl_generator_c: 3.1.7 (/opt/ros/humble/share/rosidl_generator_c/cmake)
[6.160s] -- Found rosidl_adapter: 3.1.7 (/opt/ros/humble/share/rosidl_adapter/cmake)
[6.228s] -- Found rosidl_generator_cpp: 3.1.7 (/opt/ros/humble/share/rosidl_generator_cpp/cmake)
[6.328s] -- Using all available rosidl_typesupport_c: rosidl_typesupport_fastrtps_c;rosidl_typesupport_introspection_c
[6.456s] -- Using all available rosidl_typesupport_cpp: rosidl_typesupport_fastrtps_cpp;rosidl_typesupport_introspection_cpp
[6.658s] -- Found rclcpp: 16.0.14 (/opt/ros/humble/share/rclcpp/cmake)
[6.960s] -- Found rmw_implementation_cmake: 6.1.2 (/opt/ros/humble/share/rmw_implementation_cmake/cmake)
[6.984s] -- Found rmw_fastrtps_cpp: 6.2.8 (/opt/ros/humble/share/rmw_fastrtps_cpp/cmake)
[7.524s] -- Found OpenSSL: /usr/lib/aarch64-linux-gnu/libcrypto.so (found version "3.0.2")  
[7.669s] -- Found FastRTPS: /opt/ros/humble/include  
[7.876s] -- Using RMW implementation 'rmw_fastrtps_cpp' as default
[7.945s] -- Looking for pthread.h
[8.409s] -- Looking for pthread.h - found
[8.411s] -- Performing Test CMAKE_HAVE_LIBC_PTHREAD
[9.200s] -- Performing Test CMAKE_HAVE_LIBC_PTHREAD - Success
[9.205s] -- Found Threads: TRUE  
[9.594s] -- Found sensor_msgs: 4.9.0 (/opt/ros/humble/share/sensor_msgs/cmake)
[9.872s] -- Found OpenCV: /usr (found version "4.5.4") 
[9.887s] -- Found cv_bridge: 3.2.1 (/opt/ros/humble/share/cv_bridge/cmake)
[9.909s] -- Found ai_msgs: 2.0.1 (/opt/tros/humble/share/ai_msgs/cmake)
[10.033s] -- Found origincar_msg: 0.0.0 (/userdata/dev_ws/install/origincar_msg/share/origincar_msg/cmake)
[10.162s] -- Found ament_lint_auto: 0.12.14 (/opt/ros/humble/share/ament_lint_auto/cmake)
[10.781s] -- Added test 'copyright' to check source files copyright and LICENSE
[10.788s] -- Added test 'cppcheck' to perform static code analysis on C / C++ code
[10.789s] -- Configured cppcheck include dirs: $<BUILD_INTERFACE:/userdata/dev_ws/src/origincar_competition/include>
[10.790s] -- Configured cppcheck exclude dirs and/or files: 
[10.795s] -- Added test 'cpplint' to check C / C++ code against the Google style
[10.796s] -- Configured cpplint exclude dirs and/or files: 
[10.799s] -- Added test 'flake8' to check Python code syntax and style conventions
[10.803s] -- Added test 'lint_cmake' to check CMake code style
[10.808s] -- Added test 'pep257' to check Python code against some of the docstring style conventions in PEP 257
[10.814s] -- Added test 'uncrustify' to check C / C++ code style
[10.814s] -- Configured uncrustify additional arguments: 
[10.818s] -- Added test 'xmllint' to check XML markup files
[10.827s] -- Configuring done
[10.918s] -- Generating done
[10.947s] -- Build files have been written to: /userdata/dev_ws/src/build/origincar_competition
[11.029s] Invoked command in '/userdata/dev_ws/src/build/origincar_competition' returned '0': CMAKE_PREFIX_PATH=${CMAKE_PREFIX_PATH}:/opt/tros/humble:/opt/ros/humble /usr/bin/cmake /userdata/dev_ws/src/origincar_competition -DCMAKE_INSTALL_PREFIX=/userdata/dev_ws/src/install/origincar_competition
[11.043s] Invoking command in '/userdata/dev_ws/src/build/origincar_competition': CMAKE_PREFIX_PATH=${CMAKE_PREFIX_PATH}:/opt/tros/humble:/opt/ros/humble /usr/bin/cmake --build /userdata/dev_ws/src/build/origincar_competition -- -j8 -l8
[11.309s] [ 50%] [32mBuilding CXX object CMakeFiles/origincar_competition.dir/src/origincar_competition.cpp.o[0m
[108.637s] [100%] [32m[1mLinking CXX executable origincar_competition[0m
[109.109s] /usr/bin/ld: cannot find -lhbmem: No such file or directory
[109.110s] /usr/bin/ld: cannot find -lion: No such file or directory
[109.111s] /usr/bin/ld: cannot find -lalog: No such file or directory
[113.438s] collect2: error: ld returned 1 exit status
[113.450s] gmake[2]: *** [CMakeFiles/origincar_competition.dir/build.make:254: origincar_competition] Error 1
[113.451s] gmake[1]: *** [CMakeFiles/Makefile2:137: CMakeFiles/origincar_competition.dir/all] Error 2
[113.451s] gmake: *** [Makefile:146: all] Error 2
[113.465s] Invoked command in '/userdata/dev_ws/src/build/origincar_competition' returned '2': CMAKE_PREFIX_PATH=${CMAKE_PREFIX_PATH}:/opt/tros/humble:/opt/ros/humble /usr/bin/cmake --build /userdata/dev_ws/src/build/origincar_competition -- -j8 -l8
