[0.657s] DEBUG:colcon:Command line arguments: ['/usr/bin/colcon', 'build', '--packages-select', 'origincar_competition']
[0.658s] DEBUG:colcon:Parsed command line arguments: Namespace(log_base=None, log_level=None, verb_name='build', build_base='build', install_base='install', merge_install=False, symlink_install=False, test_result_base=None, continue_on_error=False, executor='parallel', parallel_workers=8, event_handlers=None, ignore_user_meta=False, metas=['./colcon.meta'], base_paths=['.'], packages_ignore=None, packages_ignore_regex=None, paths=None, packages_up_to=None, packages_up_to_regex=None, packages_above=None, packages_above_and_dependencies=None, packages_above_depth=None, packages_select_by_dep=None, packages_skip_by_dep=None, packages_skip_up_to=None, packages_select_build_failed=False, packages_skip_build_finished=False, packages_select_test_failures=False, packages_skip_test_passed=False, packages_select=['origincar_competition'], packages_skip=None, packages_select_regex=None, packages_skip_regex=None, packages_start=None, packages_end=None, allow_overriding=[], cmake_args=None, cmake_target=None, cmake_target_skip_unavailable=False, cmake_clean_cache=False, cmake_clean_first=False, cmake_force_configure=False, ament_cmake_args=None, catkin_cmake_args=None, catkin_skip_building_tests=False, verb_parser=<colcon_defaults.argument_parser.defaults.DefaultArgumentsDecorator object at 0xffffbd395030>, verb_extension=<colcon_core.verb.build.BuildVerb object at 0xffffbd394b20>, main=<bound method BuildVerb.main of <colcon_core.verb.build.BuildVerb object at 0xffffbd394b20>>)
[0.900s] Level 1:colcon.colcon_core.package_discovery:discover_packages(colcon_meta) check parameters
[0.901s] Level 1:colcon.colcon_core.package_discovery:discover_packages(recursive) check parameters
[0.901s] Level 1:colcon.colcon_core.package_discovery:discover_packages(ignore) check parameters
[0.901s] Level 1:colcon.colcon_core.package_discovery:discover_packages(path) check parameters
[0.901s] Level 1:colcon.colcon_core.package_discovery:discover_packages(colcon_meta) discover
[0.902s] Level 1:colcon.colcon_core.package_discovery:discover_packages(recursive) discover
[0.902s] INFO:colcon.colcon_core.package_discovery:Crawling recursively for packages in '/userdata/dev_ws/src'
[0.902s] Level 1:colcon.colcon_core.package_identification:_identify(.) by extensions ['ignore', 'ignore_ament_install']
[0.903s] Level 1:colcon.colcon_core.package_identification:_identify(.) by extension 'ignore'
[0.903s] Level 1:colcon.colcon_core.package_identification:_identify(.) by extension 'ignore_ament_install'
[0.904s] Level 1:colcon.colcon_core.package_identification:_identify(.) by extensions ['colcon_pkg']
[0.904s] Level 1:colcon.colcon_core.package_identification:_identify(.) by extension 'colcon_pkg'
[0.904s] Level 1:colcon.colcon_core.package_identification:_identify(.) by extensions ['colcon_meta']
[0.904s] Level 1:colcon.colcon_core.package_identification:_identify(.) by extension 'colcon_meta'
[0.904s] Level 1:colcon.colcon_core.package_identification:_identify(.) by extensions ['ros']
[0.905s] Level 1:colcon.colcon_core.package_identification:_identify(.) by extension 'ros'
[0.997s] Level 1:colcon.colcon_core.package_identification:_identify(.) by extensions ['cmake', 'python']
[0.998s] Level 1:colcon.colcon_core.package_identification:_identify(.) by extension 'cmake'
[0.998s] Level 1:colcon.colcon_core.package_identification:_identify(.) by extension 'python'
[0.998s] Level 1:colcon.colcon_core.package_identification:_identify(.) by extensions ['python_setup_py']
[0.998s] Level 1:colcon.colcon_core.package_identification:_identify(.) by extension 'python_setup_py'
[0.999s] Level 1:colcon.colcon_core.package_identification:_identify(3rdparty) by extensions ['ignore', 'ignore_ament_install']
[1.000s] Level 1:colcon.colcon_core.package_identification:_identify(3rdparty) by extension 'ignore'
[1.000s] Level 1:colcon.colcon_core.package_identification:_identify(3rdparty) by extension 'ignore_ament_install'
[1.000s] Level 1:colcon.colcon_core.package_identification:_identify(3rdparty) by extensions ['colcon_pkg']
[1.000s] Level 1:colcon.colcon_core.package_identification:_identify(3rdparty) by extension 'colcon_pkg'
[1.001s] Level 1:colcon.colcon_core.package_identification:_identify(3rdparty) by extensions ['colcon_meta']
[1.001s] Level 1:colcon.colcon_core.package_identification:_identify(3rdparty) by extension 'colcon_meta'
[1.001s] Level 1:colcon.colcon_core.package_identification:_identify(3rdparty) by extensions ['ros']
[1.001s] Level 1:colcon.colcon_core.package_identification:_identify(3rdparty) by extension 'ros'
[1.002s] Level 1:colcon.colcon_core.package_identification:_identify(3rdparty) by extensions ['cmake', 'python']
[1.002s] Level 1:colcon.colcon_core.package_identification:_identify(3rdparty) by extension 'cmake'
[1.002s] Level 1:colcon.colcon_core.package_identification:_identify(3rdparty) by extension 'python'
[1.003s] Level 1:colcon.colcon_core.package_identification:_identify(3rdparty) by extensions ['python_setup_py']
[1.003s] Level 1:colcon.colcon_core.package_identification:_identify(3rdparty) by extension 'python_setup_py'
[1.003s] Level 1:colcon.colcon_core.package_identification:_identify(3rdparty/ackermann_msgs-ros2) by extensions ['ignore', 'ignore_ament_install']
[1.004s] Level 1:colcon.colcon_core.package_identification:_identify(3rdparty/ackermann_msgs-ros2) by extension 'ignore'
[1.004s] Level 1:colcon.colcon_core.package_identification:_identify(3rdparty/ackermann_msgs-ros2) by extension 'ignore_ament_install'
[1.004s] Level 1:colcon.colcon_core.package_identification:_identify(3rdparty/ackermann_msgs-ros2) by extensions ['colcon_pkg']
[1.005s] Level 1:colcon.colcon_core.package_identification:_identify(3rdparty/ackermann_msgs-ros2) by extension 'colcon_pkg'
[1.005s] Level 1:colcon.colcon_core.package_identification:_identify(3rdparty/ackermann_msgs-ros2) by extensions ['colcon_meta']
[1.005s] Level 1:colcon.colcon_core.package_identification:_identify(3rdparty/ackermann_msgs-ros2) by extension 'colcon_meta'
[1.005s] Level 1:colcon.colcon_core.package_identification:_identify(3rdparty/ackermann_msgs-ros2) by extensions ['ros']
[1.005s] Level 1:colcon.colcon_core.package_identification:_identify(3rdparty/ackermann_msgs-ros2) by extension 'ros'
[1.019s] DEBUG:colcon.colcon_core.package_identification:Package '3rdparty/ackermann_msgs-ros2' with type 'ros.ament_cmake' and name 'ackermann_msgs'
[1.020s] Level 1:colcon.colcon_core.package_identification:_identify(3rdparty/serial_ros2) by extensions ['ignore', 'ignore_ament_install']
[1.020s] Level 1:colcon.colcon_core.package_identification:_identify(3rdparty/serial_ros2) by extension 'ignore'
[1.021s] Level 1:colcon.colcon_core.package_identification:_identify(3rdparty/serial_ros2) by extension 'ignore_ament_install'
[1.021s] Level 1:colcon.colcon_core.package_identification:_identify(3rdparty/serial_ros2) by extensions ['colcon_pkg']
[1.021s] Level 1:colcon.colcon_core.package_identification:_identify(3rdparty/serial_ros2) by extension 'colcon_pkg'
[1.022s] Level 1:colcon.colcon_core.package_identification:_identify(3rdparty/serial_ros2) by extensions ['colcon_meta']
[1.022s] Level 1:colcon.colcon_core.package_identification:_identify(3rdparty/serial_ros2) by extension 'colcon_meta'
[1.022s] Level 1:colcon.colcon_core.package_identification:_identify(3rdparty/serial_ros2) by extensions ['ros']
[1.022s] Level 1:colcon.colcon_core.package_identification:_identify(3rdparty/serial_ros2) by extension 'ros'
[1.026s] DEBUG:colcon.colcon_core.package_identification:Package '3rdparty/serial_ros2' with type 'ros.ament_cmake' and name 'serial'
[1.026s] Level 1:colcon.colcon_core.package_identification:_identify(3rdparty/utils) by extensions ['ignore', 'ignore_ament_install']
[1.027s] Level 1:colcon.colcon_core.package_identification:_identify(3rdparty/utils) by extension 'ignore'
[1.027s] Level 1:colcon.colcon_core.package_identification:_identify(3rdparty/utils) by extension 'ignore_ament_install'
[1.028s] Level 1:colcon.colcon_core.package_identification:_identify(3rdparty/utils) by extensions ['colcon_pkg']
[1.028s] Level 1:colcon.colcon_core.package_identification:_identify(3rdparty/utils) by extension 'colcon_pkg'
[1.028s] Level 1:colcon.colcon_core.package_identification:_identify(3rdparty/utils) by extensions ['colcon_meta']
[1.028s] Level 1:colcon.colcon_core.package_identification:_identify(3rdparty/utils) by extension 'colcon_meta'
[1.029s] Level 1:colcon.colcon_core.package_identification:_identify(3rdparty/utils) by extensions ['ros']
[1.029s] Level 1:colcon.colcon_core.package_identification:_identify(3rdparty/utils) by extension 'ros'
[1.034s] DEBUG:colcon.colcon_core.package_identification:Package '3rdparty/utils' with type 'ros.ament_cmake' and name 'utils'
[1.034s] Level 1:colcon.colcon_core.package_identification:_identify(Aurora933_930) by extensions ['ignore', 'ignore_ament_install']
[1.035s] Level 1:colcon.colcon_core.package_identification:_identify(Aurora933_930) by extension 'ignore'
[1.035s] Level 1:colcon.colcon_core.package_identification:_identify(Aurora933_930) by extension 'ignore_ament_install'
[1.036s] Level 1:colcon.colcon_core.package_identification:_identify(Aurora933_930) by extensions ['colcon_pkg']
[1.036s] Level 1:colcon.colcon_core.package_identification:_identify(Aurora933_930) by extension 'colcon_pkg'
[1.036s] Level 1:colcon.colcon_core.package_identification:_identify(Aurora933_930) by extensions ['colcon_meta']
[1.036s] Level 1:colcon.colcon_core.package_identification:_identify(Aurora933_930) by extension 'colcon_meta'
[1.036s] Level 1:colcon.colcon_core.package_identification:_identify(Aurora933_930) by extensions ['ros']
[1.037s] Level 1:colcon.colcon_core.package_identification:_identify(Aurora933_930) by extension 'ros'
[1.037s] Level 1:colcon.colcon_core.package_identification:_identify(Aurora933_930) by extensions ['cmake', 'python']
[1.037s] Level 1:colcon.colcon_core.package_identification:_identify(Aurora933_930) by extension 'cmake'
[1.038s] Level 1:colcon.colcon_core.package_identification:_identify(Aurora933_930) by extension 'python'
[1.038s] Level 1:colcon.colcon_core.package_identification:_identify(Aurora933_930) by extensions ['python_setup_py']
[1.038s] Level 1:colcon.colcon_core.package_identification:_identify(Aurora933_930) by extension 'python_setup_py'
[1.039s] Level 1:colcon.colcon_core.package_identification:_identify(Aurora933_930/930_ROS) by extensions ['ignore', 'ignore_ament_install']
[1.039s] Level 1:colcon.colcon_core.package_identification:_identify(Aurora933_930/930_ROS) by extension 'ignore'
[1.039s] Level 1:colcon.colcon_core.package_identification:_identify(Aurora933_930/930_ROS) by extension 'ignore_ament_install'
[1.040s] Level 1:colcon.colcon_core.package_identification:_identify(Aurora933_930/930_ROS) by extensions ['colcon_pkg']
[1.040s] Level 1:colcon.colcon_core.package_identification:_identify(Aurora933_930/930_ROS) by extension 'colcon_pkg'
[1.040s] Level 1:colcon.colcon_core.package_identification:_identify(Aurora933_930/930_ROS) by extensions ['colcon_meta']
[1.040s] Level 1:colcon.colcon_core.package_identification:_identify(Aurora933_930/930_ROS) by extension 'colcon_meta'
[1.041s] Level 1:colcon.colcon_core.package_identification:_identify(Aurora933_930/930_ROS) by extensions ['ros']
[1.041s] Level 1:colcon.colcon_core.package_identification:_identify(Aurora933_930/930_ROS) by extension 'ros'
[1.041s] Level 1:colcon.colcon_core.package_identification:_identify(Aurora933_930/930_ROS) by extensions ['cmake', 'python']
[1.041s] Level 1:colcon.colcon_core.package_identification:_identify(Aurora933_930/930_ROS) by extension 'cmake'
[1.042s] Level 1:colcon.colcon_core.package_identification:_identify(Aurora933_930/930_ROS) by extension 'python'
[1.042s] Level 1:colcon.colcon_core.package_identification:_identify(Aurora933_930/930_ROS) by extensions ['python_setup_py']
[1.042s] Level 1:colcon.colcon_core.package_identification:_identify(Aurora933_930/930_ROS) by extension 'python_setup_py'
[1.043s] Level 1:colcon.colcon_core.package_identification:_identify(Aurora933_930/930_ROS/ROS2) by extensions ['ignore', 'ignore_ament_install']
[1.043s] Level 1:colcon.colcon_core.package_identification:_identify(Aurora933_930/930_ROS/ROS2) by extension 'ignore'
[1.043s] Level 1:colcon.colcon_core.package_identification:_identify(Aurora933_930/930_ROS/ROS2) by extension 'ignore_ament_install'
[1.044s] Level 1:colcon.colcon_core.package_identification:_identify(Aurora933_930/930_ROS/ROS2) by extensions ['colcon_pkg']
[1.044s] Level 1:colcon.colcon_core.package_identification:_identify(Aurora933_930/930_ROS/ROS2) by extension 'colcon_pkg'
[1.044s] Level 1:colcon.colcon_core.package_identification:_identify(Aurora933_930/930_ROS/ROS2) by extensions ['colcon_meta']
[1.044s] Level 1:colcon.colcon_core.package_identification:_identify(Aurora933_930/930_ROS/ROS2) by extension 'colcon_meta'
[1.045s] Level 1:colcon.colcon_core.package_identification:_identify(Aurora933_930/930_ROS/ROS2) by extensions ['ros']
[1.045s] Level 1:colcon.colcon_core.package_identification:_identify(Aurora933_930/930_ROS/ROS2) by extension 'ros'
[1.045s] Level 1:colcon.colcon_core.package_identification:_identify(Aurora933_930/930_ROS/ROS2) by extensions ['cmake', 'python']
[1.045s] Level 1:colcon.colcon_core.package_identification:_identify(Aurora933_930/930_ROS/ROS2) by extension 'cmake'
[1.046s] Level 1:colcon.colcon_core.package_identification:_identify(Aurora933_930/930_ROS/ROS2) by extension 'python'
[1.046s] Level 1:colcon.colcon_core.package_identification:_identify(Aurora933_930/930_ROS/ROS2) by extensions ['python_setup_py']
[1.046s] Level 1:colcon.colcon_core.package_identification:_identify(Aurora933_930/930_ROS/ROS2) by extension 'python_setup_py'
[1.047s] Level 1:colcon.colcon_core.package_identification:_identify(Aurora933_930/930_ROS/ROS2/ros2源码) by extensions ['ignore', 'ignore_ament_install']
[1.047s] Level 1:colcon.colcon_core.package_identification:_identify(Aurora933_930/930_ROS/ROS2/ros2源码) by extension 'ignore'
[1.047s] Level 1:colcon.colcon_core.package_identification:_identify(Aurora933_930/930_ROS/ROS2/ros2源码) by extension 'ignore_ament_install'
[1.048s] Level 1:colcon.colcon_core.package_identification:_identify(Aurora933_930/930_ROS/ROS2/ros2源码) by extensions ['colcon_pkg']
[1.048s] Level 1:colcon.colcon_core.package_identification:_identify(Aurora933_930/930_ROS/ROS2/ros2源码) by extension 'colcon_pkg'
[1.048s] Level 1:colcon.colcon_core.package_identification:_identify(Aurora933_930/930_ROS/ROS2/ros2源码) by extensions ['colcon_meta']
[1.048s] Level 1:colcon.colcon_core.package_identification:_identify(Aurora933_930/930_ROS/ROS2/ros2源码) by extension 'colcon_meta'
[1.049s] Level 1:colcon.colcon_core.package_identification:_identify(Aurora933_930/930_ROS/ROS2/ros2源码) by extensions ['ros']
[1.049s] Level 1:colcon.colcon_core.package_identification:_identify(Aurora933_930/930_ROS/ROS2/ros2源码) by extension 'ros'
[1.049s] Level 1:colcon.colcon_core.package_identification:_identify(Aurora933_930/930_ROS/ROS2/ros2源码) by extensions ['cmake', 'python']
[1.050s] Level 1:colcon.colcon_core.package_identification:_identify(Aurora933_930/930_ROS/ROS2/ros2源码) by extension 'cmake'
[1.050s] Level 1:colcon.colcon_core.package_identification:_identify(Aurora933_930/930_ROS/ROS2/ros2源码) by extension 'python'
[1.050s] Level 1:colcon.colcon_core.package_identification:_identify(Aurora933_930/930_ROS/ROS2/ros2源码) by extensions ['python_setup_py']
[1.050s] Level 1:colcon.colcon_core.package_identification:_identify(Aurora933_930/930_ROS/ROS2/ros2源码) by extension 'python_setup_py'
[1.051s] Level 1:colcon.colcon_core.package_identification:_identify(Aurora933_930/930_SDK) by extensions ['ignore', 'ignore_ament_install']
[1.051s] Level 1:colcon.colcon_core.package_identification:_identify(Aurora933_930/930_SDK) by extension 'ignore'
[1.052s] Level 1:colcon.colcon_core.package_identification:_identify(Aurora933_930/930_SDK) by extension 'ignore_ament_install'
[1.052s] Level 1:colcon.colcon_core.package_identification:_identify(Aurora933_930/930_SDK) by extensions ['colcon_pkg']
[1.052s] Level 1:colcon.colcon_core.package_identification:_identify(Aurora933_930/930_SDK) by extension 'colcon_pkg'
[1.052s] Level 1:colcon.colcon_core.package_identification:_identify(Aurora933_930/930_SDK) by extensions ['colcon_meta']
[1.053s] Level 1:colcon.colcon_core.package_identification:_identify(Aurora933_930/930_SDK) by extension 'colcon_meta'
[1.053s] Level 1:colcon.colcon_core.package_identification:_identify(Aurora933_930/930_SDK) by extensions ['ros']
[1.053s] Level 1:colcon.colcon_core.package_identification:_identify(Aurora933_930/930_SDK) by extension 'ros'
[1.054s] Level 1:colcon.colcon_core.package_identification:_identify(Aurora933_930/930_SDK) by extensions ['cmake', 'python']
[1.054s] Level 1:colcon.colcon_core.package_identification:_identify(Aurora933_930/930_SDK) by extension 'cmake'
[1.054s] Level 1:colcon.colcon_core.package_identification:_identify(Aurora933_930/930_SDK) by extension 'python'
[1.054s] Level 1:colcon.colcon_core.package_identification:_identify(Aurora933_930/930_SDK) by extensions ['python_setup_py']
[1.054s] Level 1:colcon.colcon_core.package_identification:_identify(Aurora933_930/930_SDK) by extension 'python_setup_py'
[1.055s] Level 1:colcon.colcon_core.package_identification:_identify(Aurora933_930/930_SDK/LINUX) by extensions ['ignore', 'ignore_ament_install']
[1.055s] Level 1:colcon.colcon_core.package_identification:_identify(Aurora933_930/930_SDK/LINUX) by extension 'ignore'
[1.056s] Level 1:colcon.colcon_core.package_identification:_identify(Aurora933_930/930_SDK/LINUX) by extension 'ignore_ament_install'
[1.056s] Level 1:colcon.colcon_core.package_identification:_identify(Aurora933_930/930_SDK/LINUX) by extensions ['colcon_pkg']
[1.056s] Level 1:colcon.colcon_core.package_identification:_identify(Aurora933_930/930_SDK/LINUX) by extension 'colcon_pkg'
[1.056s] Level 1:colcon.colcon_core.package_identification:_identify(Aurora933_930/930_SDK/LINUX) by extensions ['colcon_meta']
[1.057s] Level 1:colcon.colcon_core.package_identification:_identify(Aurora933_930/930_SDK/LINUX) by extension 'colcon_meta'
[1.057s] Level 1:colcon.colcon_core.package_identification:_identify(Aurora933_930/930_SDK/LINUX) by extensions ['ros']
[1.057s] Level 1:colcon.colcon_core.package_identification:_identify(Aurora933_930/930_SDK/LINUX) by extension 'ros'
[1.058s] Level 1:colcon.colcon_core.package_identification:_identify(Aurora933_930/930_SDK/LINUX) by extensions ['cmake', 'python']
[1.058s] Level 1:colcon.colcon_core.package_identification:_identify(Aurora933_930/930_SDK/LINUX) by extension 'cmake'
[1.058s] Level 1:colcon.colcon_core.package_identification:_identify(Aurora933_930/930_SDK/LINUX) by extension 'python'
[1.058s] Level 1:colcon.colcon_core.package_identification:_identify(Aurora933_930/930_SDK/LINUX) by extensions ['python_setup_py']
[1.058s] Level 1:colcon.colcon_core.package_identification:_identify(Aurora933_930/930_SDK/LINUX) by extension 'python_setup_py'
[1.059s] Level 1:colcon.colcon_core.package_identification:_identify(build) by extensions ['ignore', 'ignore_ament_install']
[1.059s] Level 1:colcon.colcon_core.package_identification:_identify(build) by extension 'ignore'
[1.060s] Level 1:colcon.colcon_core.package_identification:_identify(build) ignored
[1.060s] Level 1:colcon.colcon_core.package_identification:_identify(deptrum-ros-driver-aurora930) by extensions ['ignore', 'ignore_ament_install']
[1.061s] Level 1:colcon.colcon_core.package_identification:_identify(deptrum-ros-driver-aurora930) by extension 'ignore'
[1.061s] Level 1:colcon.colcon_core.package_identification:_identify(deptrum-ros-driver-aurora930) by extension 'ignore_ament_install'
[1.061s] Level 1:colcon.colcon_core.package_identification:_identify(deptrum-ros-driver-aurora930) by extensions ['colcon_pkg']
[1.062s] Level 1:colcon.colcon_core.package_identification:_identify(deptrum-ros-driver-aurora930) by extension 'colcon_pkg'
[1.062s] Level 1:colcon.colcon_core.package_identification:_identify(deptrum-ros-driver-aurora930) by extensions ['colcon_meta']
[1.062s] Level 1:colcon.colcon_core.package_identification:_identify(deptrum-ros-driver-aurora930) by extension 'colcon_meta'
[1.062s] Level 1:colcon.colcon_core.package_identification:_identify(deptrum-ros-driver-aurora930) by extensions ['ros']
[1.063s] Level 1:colcon.colcon_core.package_identification:_identify(deptrum-ros-driver-aurora930) by extension 'ros'
[1.069s] DEBUG:colcon.colcon_core.package_identification:Package 'deptrum-ros-driver-aurora930' with type 'ros.ament_cmake' and name 'deptrum-ros-driver-aurora930'
[1.070s] Level 1:colcon.colcon_core.package_identification:_identify(install) by extensions ['ignore', 'ignore_ament_install']
[1.070s] Level 1:colcon.colcon_core.package_identification:_identify(install) by extension 'ignore'
[1.071s] Level 1:colcon.colcon_core.package_identification:_identify(install) ignored
[1.071s] Level 1:colcon.colcon_core.package_identification:_identify(lidar) by extensions ['ignore', 'ignore_ament_install']
[1.072s] Level 1:colcon.colcon_core.package_identification:_identify(lidar) by extension 'ignore'
[1.072s] Level 1:colcon.colcon_core.package_identification:_identify(lidar) by extension 'ignore_ament_install'
[1.072s] Level 1:colcon.colcon_core.package_identification:_identify(lidar) by extensions ['colcon_pkg']
[1.072s] Level 1:colcon.colcon_core.package_identification:_identify(lidar) by extension 'colcon_pkg'
[1.073s] Level 1:colcon.colcon_core.package_identification:_identify(lidar) by extensions ['colcon_meta']
[1.073s] Level 1:colcon.colcon_core.package_identification:_identify(lidar) by extension 'colcon_meta'
[1.073s] Level 1:colcon.colcon_core.package_identification:_identify(lidar) by extensions ['ros']
[1.073s] Level 1:colcon.colcon_core.package_identification:_identify(lidar) by extension 'ros'
[1.074s] Level 1:colcon.colcon_core.package_identification:_identify(lidar) by extensions ['cmake', 'python']
[1.074s] Level 1:colcon.colcon_core.package_identification:_identify(lidar) by extension 'cmake'
[1.074s] Level 1:colcon.colcon_core.package_identification:_identify(lidar) by extension 'python'
[1.075s] Level 1:colcon.colcon_core.package_identification:_identify(lidar) by extensions ['python_setup_py']
[1.075s] Level 1:colcon.colcon_core.package_identification:_identify(lidar) by extension 'python_setup_py'
[1.075s] Level 1:colcon.colcon_core.package_identification:_identify(lidar/lslidar_ros2) by extensions ['ignore', 'ignore_ament_install']
[1.076s] Level 1:colcon.colcon_core.package_identification:_identify(lidar/lslidar_ros2) by extension 'ignore'
[1.076s] Level 1:colcon.colcon_core.package_identification:_identify(lidar/lslidar_ros2) by extension 'ignore_ament_install'
[1.076s] Level 1:colcon.colcon_core.package_identification:_identify(lidar/lslidar_ros2) by extensions ['colcon_pkg']
[1.076s] Level 1:colcon.colcon_core.package_identification:_identify(lidar/lslidar_ros2) by extension 'colcon_pkg'
[1.077s] Level 1:colcon.colcon_core.package_identification:_identify(lidar/lslidar_ros2) by extensions ['colcon_meta']
[1.077s] Level 1:colcon.colcon_core.package_identification:_identify(lidar/lslidar_ros2) by extension 'colcon_meta'
[1.077s] Level 1:colcon.colcon_core.package_identification:_identify(lidar/lslidar_ros2) by extensions ['ros']
[1.077s] Level 1:colcon.colcon_core.package_identification:_identify(lidar/lslidar_ros2) by extension 'ros'
[1.078s] Level 1:colcon.colcon_core.package_identification:_identify(lidar/lslidar_ros2) by extensions ['cmake', 'python']
[1.078s] Level 1:colcon.colcon_core.package_identification:_identify(lidar/lslidar_ros2) by extension 'cmake'
[1.078s] Level 1:colcon.colcon_core.package_identification:_identify(lidar/lslidar_ros2) by extension 'python'
[1.079s] Level 1:colcon.colcon_core.package_identification:_identify(lidar/lslidar_ros2) by extensions ['python_setup_py']
[1.079s] Level 1:colcon.colcon_core.package_identification:_identify(lidar/lslidar_ros2) by extension 'python_setup_py'
[1.079s] Level 1:colcon.colcon_core.package_identification:_identify(lidar/lslidar_ros2/lslidar_driver) by extensions ['ignore', 'ignore_ament_install']
[1.080s] Level 1:colcon.colcon_core.package_identification:_identify(lidar/lslidar_ros2/lslidar_driver) by extension 'ignore'
[1.080s] Level 1:colcon.colcon_core.package_identification:_identify(lidar/lslidar_ros2/lslidar_driver) by extension 'ignore_ament_install'
[1.080s] Level 1:colcon.colcon_core.package_identification:_identify(lidar/lslidar_ros2/lslidar_driver) by extensions ['colcon_pkg']
[1.081s] Level 1:colcon.colcon_core.package_identification:_identify(lidar/lslidar_ros2/lslidar_driver) by extension 'colcon_pkg'
[1.081s] Level 1:colcon.colcon_core.package_identification:_identify(lidar/lslidar_ros2/lslidar_driver) by extensions ['colcon_meta']
[1.081s] Level 1:colcon.colcon_core.package_identification:_identify(lidar/lslidar_ros2/lslidar_driver) by extension 'colcon_meta'
[1.081s] Level 1:colcon.colcon_core.package_identification:_identify(lidar/lslidar_ros2/lslidar_driver) by extensions ['ros']
[1.082s] Level 1:colcon.colcon_core.package_identification:_identify(lidar/lslidar_ros2/lslidar_driver) by extension 'ros'
[1.082s] Level 1:colcon.colcon_core.package_identification:_identify(lidar/lslidar_ros2/lslidar_driver) by extensions ['cmake', 'python']
[1.082s] Level 1:colcon.colcon_core.package_identification:_identify(lidar/lslidar_ros2/lslidar_driver) by extension 'cmake'
[1.082s] Level 1:colcon.colcon_core.package_identification:_identify(lidar/lslidar_ros2/lslidar_driver) by extension 'python'
[1.083s] Level 1:colcon.colcon_core.package_identification:_identify(lidar/lslidar_ros2/lslidar_driver) by extensions ['python_setup_py']
[1.083s] Level 1:colcon.colcon_core.package_identification:_identify(lidar/lslidar_ros2/lslidar_driver) by extension 'python_setup_py'
[1.083s] Level 1:colcon.colcon_core.package_identification:_identify(lidar/lslidar_ros2/lslidar_driver/lslidar_driver) by extensions ['ignore', 'ignore_ament_install']
[1.084s] Level 1:colcon.colcon_core.package_identification:_identify(lidar/lslidar_ros2/lslidar_driver/lslidar_driver) by extension 'ignore'
[1.084s] Level 1:colcon.colcon_core.package_identification:_identify(lidar/lslidar_ros2/lslidar_driver/lslidar_driver) by extension 'ignore_ament_install'
[1.085s] Level 1:colcon.colcon_core.package_identification:_identify(lidar/lslidar_ros2/lslidar_driver/lslidar_driver) by extensions ['colcon_pkg']
[1.085s] Level 1:colcon.colcon_core.package_identification:_identify(lidar/lslidar_ros2/lslidar_driver/lslidar_driver) by extension 'colcon_pkg'
[1.085s] Level 1:colcon.colcon_core.package_identification:_identify(lidar/lslidar_ros2/lslidar_driver/lslidar_driver) by extensions ['colcon_meta']
[1.085s] Level 1:colcon.colcon_core.package_identification:_identify(lidar/lslidar_ros2/lslidar_driver/lslidar_driver) by extension 'colcon_meta'
[1.086s] Level 1:colcon.colcon_core.package_identification:_identify(lidar/lslidar_ros2/lslidar_driver/lslidar_driver) by extensions ['ros']
[1.086s] Level 1:colcon.colcon_core.package_identification:_identify(lidar/lslidar_ros2/lslidar_driver/lslidar_driver) by extension 'ros'
[1.090s] DEBUG:colcon.colcon_core.package_identification:Package 'lidar/lslidar_ros2/lslidar_driver/lslidar_driver' with type 'ros.ament_cmake' and name 'lslidar_driver'
[1.091s] Level 1:colcon.colcon_core.package_identification:_identify(lidar/lslidar_ros2/lslidar_msgs) by extensions ['ignore', 'ignore_ament_install']
[1.091s] Level 1:colcon.colcon_core.package_identification:_identify(lidar/lslidar_ros2/lslidar_msgs) by extension 'ignore'
[1.092s] Level 1:colcon.colcon_core.package_identification:_identify(lidar/lslidar_ros2/lslidar_msgs) by extension 'ignore_ament_install'
[1.092s] Level 1:colcon.colcon_core.package_identification:_identify(lidar/lslidar_ros2/lslidar_msgs) by extensions ['colcon_pkg']
[1.092s] Level 1:colcon.colcon_core.package_identification:_identify(lidar/lslidar_ros2/lslidar_msgs) by extension 'colcon_pkg'
[1.092s] Level 1:colcon.colcon_core.package_identification:_identify(lidar/lslidar_ros2/lslidar_msgs) by extensions ['colcon_meta']
[1.093s] Level 1:colcon.colcon_core.package_identification:_identify(lidar/lslidar_ros2/lslidar_msgs) by extension 'colcon_meta'
[1.093s] Level 1:colcon.colcon_core.package_identification:_identify(lidar/lslidar_ros2/lslidar_msgs) by extensions ['ros']
[1.093s] Level 1:colcon.colcon_core.package_identification:_identify(lidar/lslidar_ros2/lslidar_msgs) by extension 'ros'
[1.094s] Level 1:colcon.colcon_core.package_identification:_identify(lidar/lslidar_ros2/lslidar_msgs) by extensions ['cmake', 'python']
[1.094s] Level 1:colcon.colcon_core.package_identification:_identify(lidar/lslidar_ros2/lslidar_msgs) by extension 'cmake'
[1.094s] Level 1:colcon.colcon_core.package_identification:_identify(lidar/lslidar_ros2/lslidar_msgs) by extension 'python'
[1.094s] Level 1:colcon.colcon_core.package_identification:_identify(lidar/lslidar_ros2/lslidar_msgs) by extensions ['python_setup_py']
[1.095s] Level 1:colcon.colcon_core.package_identification:_identify(lidar/lslidar_ros2/lslidar_msgs) by extension 'python_setup_py'
[1.095s] Level 1:colcon.colcon_core.package_identification:_identify(lidar/lslidar_ros2/lslidar_msgs/lslidar_msgs) by extensions ['ignore', 'ignore_ament_install']
[1.096s] Level 1:colcon.colcon_core.package_identification:_identify(lidar/lslidar_ros2/lslidar_msgs/lslidar_msgs) by extension 'ignore'
[1.096s] Level 1:colcon.colcon_core.package_identification:_identify(lidar/lslidar_ros2/lslidar_msgs/lslidar_msgs) by extension 'ignore_ament_install'
[1.096s] Level 1:colcon.colcon_core.package_identification:_identify(lidar/lslidar_ros2/lslidar_msgs/lslidar_msgs) by extensions ['colcon_pkg']
[1.096s] Level 1:colcon.colcon_core.package_identification:_identify(lidar/lslidar_ros2/lslidar_msgs/lslidar_msgs) by extension 'colcon_pkg'
[1.097s] Level 1:colcon.colcon_core.package_identification:_identify(lidar/lslidar_ros2/lslidar_msgs/lslidar_msgs) by extensions ['colcon_meta']
[1.097s] Level 1:colcon.colcon_core.package_identification:_identify(lidar/lslidar_ros2/lslidar_msgs/lslidar_msgs) by extension 'colcon_meta'
[1.097s] Level 1:colcon.colcon_core.package_identification:_identify(lidar/lslidar_ros2/lslidar_msgs/lslidar_msgs) by extensions ['ros']
[1.097s] Level 1:colcon.colcon_core.package_identification:_identify(lidar/lslidar_ros2/lslidar_msgs/lslidar_msgs) by extension 'ros'
[1.101s] DEBUG:colcon.colcon_core.package_identification:Package 'lidar/lslidar_ros2/lslidar_msgs/lslidar_msgs' with type 'ros.ament_cmake' and name 'lslidar_msgs'
[1.101s] Level 1:colcon.colcon_core.package_identification:_identify(lidar/vp100_ros2) by extensions ['ignore', 'ignore_ament_install']
[1.102s] Level 1:colcon.colcon_core.package_identification:_identify(lidar/vp100_ros2) by extension 'ignore'
[1.102s] Level 1:colcon.colcon_core.package_identification:_identify(lidar/vp100_ros2) by extension 'ignore_ament_install'
[1.102s] Level 1:colcon.colcon_core.package_identification:_identify(lidar/vp100_ros2) by extensions ['colcon_pkg']
[1.102s] Level 1:colcon.colcon_core.package_identification:_identify(lidar/vp100_ros2) by extension 'colcon_pkg'
[1.103s] Level 1:colcon.colcon_core.package_identification:_identify(lidar/vp100_ros2) by extensions ['colcon_meta']
[1.103s] Level 1:colcon.colcon_core.package_identification:_identify(lidar/vp100_ros2) by extension 'colcon_meta'
[1.103s] Level 1:colcon.colcon_core.package_identification:_identify(lidar/vp100_ros2) by extensions ['ros']
[1.103s] Level 1:colcon.colcon_core.package_identification:_identify(lidar/vp100_ros2) by extension 'ros'
[1.107s] DEBUG:colcon.colcon_core.package_identification:Package 'lidar/vp100_ros2' with type 'ros.ament_cmake' and name 'vp100_ros2'
[1.108s] Level 1:colcon.colcon_core.package_identification:_identify(log) by extensions ['ignore', 'ignore_ament_install']
[1.108s] Level 1:colcon.colcon_core.package_identification:_identify(log) by extension 'ignore'
[1.109s] Level 1:colcon.colcon_core.package_identification:_identify(log) ignored
[1.109s] Level 1:colcon.colcon_core.package_identification:_identify(origincar_base) by extensions ['ignore', 'ignore_ament_install']
[1.110s] Level 1:colcon.colcon_core.package_identification:_identify(origincar_base) by extension 'ignore'
[1.110s] Level 1:colcon.colcon_core.package_identification:_identify(origincar_base) by extension 'ignore_ament_install'
[1.110s] Level 1:colcon.colcon_core.package_identification:_identify(origincar_base) by extensions ['colcon_pkg']
[1.110s] Level 1:colcon.colcon_core.package_identification:_identify(origincar_base) by extension 'colcon_pkg'
[1.111s] Level 1:colcon.colcon_core.package_identification:_identify(origincar_base) by extensions ['colcon_meta']
[1.111s] Level 1:colcon.colcon_core.package_identification:_identify(origincar_base) by extension 'colcon_meta'
[1.111s] Level 1:colcon.colcon_core.package_identification:_identify(origincar_base) by extensions ['ros']
[1.111s] Level 1:colcon.colcon_core.package_identification:_identify(origincar_base) by extension 'ros'
[1.125s] DEBUG:colcon.colcon_core.package_identification:Package 'origincar_base' with type 'ros.ament_cmake' and name 'origincar_base'
[1.126s] Level 1:colcon.colcon_core.package_identification:_identify(origincar_bringup) by extensions ['ignore', 'ignore_ament_install']
[1.126s] Level 1:colcon.colcon_core.package_identification:_identify(origincar_bringup) by extension 'ignore'
[1.127s] Level 1:colcon.colcon_core.package_identification:_identify(origincar_bringup) by extension 'ignore_ament_install'
[1.127s] Level 1:colcon.colcon_core.package_identification:_identify(origincar_bringup) by extensions ['colcon_pkg']
[1.127s] Level 1:colcon.colcon_core.package_identification:_identify(origincar_bringup) by extension 'colcon_pkg'
[1.128s] Level 1:colcon.colcon_core.package_identification:_identify(origincar_bringup) by extensions ['colcon_meta']
[1.128s] Level 1:colcon.colcon_core.package_identification:_identify(origincar_bringup) by extension 'colcon_meta'
[1.128s] Level 1:colcon.colcon_core.package_identification:_identify(origincar_bringup) by extensions ['ros']
[1.128s] Level 1:colcon.colcon_core.package_identification:_identify(origincar_bringup) by extension 'ros'
[1.134s] DEBUG:colcon.colcon_core.package_identification:Package 'origincar_bringup' with type 'ros.ament_cmake' and name 'origincar_bringup'
[1.134s] Level 1:colcon.colcon_core.package_identification:_identify(origincar_competition) by extensions ['ignore', 'ignore_ament_install']
[1.135s] Level 1:colcon.colcon_core.package_identification:_identify(origincar_competition) by extension 'ignore'
[1.135s] Level 1:colcon.colcon_core.package_identification:_identify(origincar_competition) by extension 'ignore_ament_install'
[1.135s] Level 1:colcon.colcon_core.package_identification:_identify(origincar_competition) by extensions ['colcon_pkg']
[1.135s] Level 1:colcon.colcon_core.package_identification:_identify(origincar_competition) by extension 'colcon_pkg'
[1.136s] Level 1:colcon.colcon_core.package_identification:_identify(origincar_competition) by extensions ['colcon_meta']
[1.136s] Level 1:colcon.colcon_core.package_identification:_identify(origincar_competition) by extension 'colcon_meta'
[1.136s] Level 1:colcon.colcon_core.package_identification:_identify(origincar_competition) by extensions ['ros']
[1.136s] Level 1:colcon.colcon_core.package_identification:_identify(origincar_competition) by extension 'ros'
[1.147s] DEBUG:colcon.colcon_core.package_identification:Package 'origincar_competition' with type 'ros.ament_cmake' and name 'origincar_competition'
[1.148s] Level 1:colcon.colcon_core.package_identification:_identify(origincar_description) by extensions ['ignore', 'ignore_ament_install']
[1.148s] Level 1:colcon.colcon_core.package_identification:_identify(origincar_description) by extension 'ignore'
[1.149s] Level 1:colcon.colcon_core.package_identification:_identify(origincar_description) by extension 'ignore_ament_install'
[1.149s] Level 1:colcon.colcon_core.package_identification:_identify(origincar_description) by extensions ['colcon_pkg']
[1.149s] Level 1:colcon.colcon_core.package_identification:_identify(origincar_description) by extension 'colcon_pkg'
[1.150s] Level 1:colcon.colcon_core.package_identification:_identify(origincar_description) by extensions ['colcon_meta']
[1.150s] Level 1:colcon.colcon_core.package_identification:_identify(origincar_description) by extension 'colcon_meta'
[1.150s] Level 1:colcon.colcon_core.package_identification:_identify(origincar_description) by extensions ['ros']
[1.150s] Level 1:colcon.colcon_core.package_identification:_identify(origincar_description) by extension 'ros'
[1.154s] DEBUG:colcon.colcon_core.package_identification:Package 'origincar_description' with type 'ros.ament_cmake' and name 'origincar_description'
[1.155s] Level 1:colcon.colcon_core.package_identification:_identify(origincar_msg) by extensions ['ignore', 'ignore_ament_install']
[1.155s] Level 1:colcon.colcon_core.package_identification:_identify(origincar_msg) by extension 'ignore'
[1.156s] Level 1:colcon.colcon_core.package_identification:_identify(origincar_msg) by extension 'ignore_ament_install'
[1.156s] Level 1:colcon.colcon_core.package_identification:_identify(origincar_msg) by extensions ['colcon_pkg']
[1.156s] Level 1:colcon.colcon_core.package_identification:_identify(origincar_msg) by extension 'colcon_pkg'
[1.156s] Level 1:colcon.colcon_core.package_identification:_identify(origincar_msg) by extensions ['colcon_meta']
[1.157s] Level 1:colcon.colcon_core.package_identification:_identify(origincar_msg) by extension 'colcon_meta'
[1.157s] Level 1:colcon.colcon_core.package_identification:_identify(origincar_msg) by extensions ['ros']
[1.157s] Level 1:colcon.colcon_core.package_identification:_identify(origincar_msg) by extension 'ros'
[1.160s] DEBUG:colcon.colcon_core.package_identification:Package 'origincar_msg' with type 'ros.ament_cmake' and name 'origincar_msg'
[1.160s] Level 1:colcon.colcon_core.package_discovery:discover_packages(recursive) using defaults
[1.161s] Level 1:colcon.colcon_core.package_discovery:discover_packages(ignore) discover
[1.161s] Level 1:colcon.colcon_core.package_discovery:discover_packages(ignore) using defaults
[1.161s] Level 1:colcon.colcon_core.package_discovery:discover_packages(path) discover
[1.161s] Level 1:colcon.colcon_core.package_discovery:discover_packages(path) using defaults
[1.299s] INFO:colcon.colcon_core.package_selection:Skipping not selected package 'ackermann_msgs' in '3rdparty/ackermann_msgs-ros2'
[1.300s] INFO:colcon.colcon_core.package_selection:Skipping not selected package 'deptrum-ros-driver-aurora930' in 'deptrum-ros-driver-aurora930'
[1.300s] INFO:colcon.colcon_core.package_selection:Skipping not selected package 'lslidar_msgs' in 'lidar/lslidar_ros2/lslidar_msgs/lslidar_msgs'
[1.300s] INFO:colcon.colcon_core.package_selection:Skipping not selected package 'origincar_bringup' in 'origincar_bringup'
[1.301s] INFO:colcon.colcon_core.package_selection:Skipping not selected package 'origincar_description' in 'origincar_description'
[1.301s] INFO:colcon.colcon_core.package_selection:Skipping not selected package 'origincar_msg' in 'origincar_msg'
[1.301s] INFO:colcon.colcon_core.package_selection:Skipping not selected package 'serial' in '3rdparty/serial_ros2'
[1.301s] INFO:colcon.colcon_core.package_selection:Skipping not selected package 'utils' in '3rdparty/utils'
[1.301s] INFO:colcon.colcon_core.package_selection:Skipping not selected package 'vp100_ros2' in 'lidar/vp100_ros2'
[1.302s] INFO:colcon.colcon_core.package_selection:Skipping not selected package 'lslidar_driver' in 'lidar/lslidar_ros2/lslidar_driver/lslidar_driver'
[1.302s] INFO:colcon.colcon_core.package_selection:Skipping not selected package 'origincar_base' in 'origincar_base'
[1.304s] Level 1:colcon.colcon_core.package_discovery:discover_packages(prefix_path) check parameters
[1.304s] Level 1:colcon.colcon_core.package_discovery:discover_packages(prefix_path) discover
[1.318s] DEBUG:colcon.colcon_installed_package_information.package_discovery:Found 1 installed packages in /root/install
[1.323s] DEBUG:colcon.colcon_installed_package_information.package_discovery:Found 12 installed packages in /userdata/dev_ws/install
[1.326s] DEBUG:colcon.colcon_installed_package_information.package_discovery:Found 58 installed packages in /opt/tros/humble
[1.336s] DEBUG:colcon.colcon_installed_package_information.package_discovery:Found 287 installed packages in /opt/ros/humble
[1.349s] Level 1:colcon.colcon_core.package_discovery:discover_packages(prefix_path) using defaults
[1.675s] Level 5:colcon.colcon_core.verb:set package 'origincar_competition' build argument 'cmake_args' from command line to 'None'
[1.675s] Level 5:colcon.colcon_core.verb:set package 'origincar_competition' build argument 'cmake_target' from command line to 'None'
[1.675s] Level 5:colcon.colcon_core.verb:set package 'origincar_competition' build argument 'cmake_target_skip_unavailable' from command line to 'False'
[1.676s] Level 5:colcon.colcon_core.verb:set package 'origincar_competition' build argument 'cmake_clean_cache' from command line to 'False'
[1.676s] Level 5:colcon.colcon_core.verb:set package 'origincar_competition' build argument 'cmake_clean_first' from command line to 'False'
[1.676s] Level 5:colcon.colcon_core.verb:set package 'origincar_competition' build argument 'cmake_force_configure' from command line to 'False'
[1.676s] Level 5:colcon.colcon_core.verb:set package 'origincar_competition' build argument 'ament_cmake_args' from command line to 'None'
[1.676s] Level 5:colcon.colcon_core.verb:set package 'origincar_competition' build argument 'catkin_cmake_args' from command line to 'None'
[1.677s] Level 5:colcon.colcon_core.verb:set package 'origincar_competition' build argument 'catkin_skip_building_tests' from command line to 'False'
[1.677s] DEBUG:colcon.colcon_core.verb:Building package 'origincar_competition' with the following arguments: {'ament_cmake_args': None, 'build_base': '/userdata/dev_ws/src/build/origincar_competition', 'catkin_cmake_args': None, 'catkin_skip_building_tests': False, 'cmake_args': None, 'cmake_clean_cache': False, 'cmake_clean_first': False, 'cmake_force_configure': False, 'cmake_target': None, 'cmake_target_skip_unavailable': False, 'install_base': '/userdata/dev_ws/src/install/origincar_competition', 'merge_install': False, 'path': '/userdata/dev_ws/src/origincar_competition', 'symlink_install': False, 'test_result_base': None}
[1.678s] INFO:colcon.colcon_core.executor:Executing jobs using 'parallel' executor
[1.683s] DEBUG:colcon.colcon_parallel_executor.executor.parallel:run_until_complete
[1.684s] INFO:colcon.colcon_ros.task.ament_cmake.build:Building ROS package in '/userdata/dev_ws/src/origincar_competition' with build type 'ament_cmake'
[1.685s] INFO:colcon.colcon_cmake.task.cmake.build:Building CMake package in '/userdata/dev_ws/src/origincar_competition'
[1.697s] INFO:colcon.colcon_core.plugin_system:Skipping extension 'colcon_core.shell.bat': Not used on non-Windows systems
[1.699s] INFO:colcon.colcon_core.shell:Skip shell extension 'powershell' for command environment: Not usable outside of PowerShell
[1.699s] DEBUG:colcon.colcon_core.shell:Skip shell extension 'dsv' for command environment
[1.720s] WARNING:colcon.colcon_core.shell:The following packages are in the workspace but haven't been built:
- ackermann_msgs
- origincar_msg
- serial
They are being used from the following locations instead:
- /userdata/dev_ws/install/ackermann_msgs
- /userdata/dev_ws/install/origincar_msg
- /userdata/dev_ws/install/serial
To suppress this warning ignore these packages in the workspace:
--packages-ignore ackermann_msgs origincar_msg serial
[1.749s] DEBUG:colcon.colcon_core.event_handler.log_command:Invoking command in '/userdata/dev_ws/src/build/origincar_competition': CMAKE_PREFIX_PATH=${CMAKE_PREFIX_PATH}:/root/install/line_follower_pkg:/opt/tros/humble:/opt/ros/humble /usr/bin/cmake --build /userdata/dev_ws/src/build/origincar_competition -- -j8 -l8
[6.738s] DEBUG:colcon.colcon_core.event_handler.log_command:Invoked command in '/userdata/dev_ws/src/build/origincar_competition' returned '2': CMAKE_PREFIX_PATH=${CMAKE_PREFIX_PATH}:/root/install/line_follower_pkg:/opt/tros/humble:/opt/ros/humble /usr/bin/cmake --build /userdata/dev_ws/src/build/origincar_competition -- -j8 -l8
[6.747s] Level 1:colcon.colcon_core.environment:create_environment_scripts_only(origincar_competition)
[6.780s] Level 1:colcon.colcon_core.environment:checking '/userdata/dev_ws/src/install/origincar_competition' for CMake module files
[6.788s] Level 1:colcon.colcon_core.environment:checking '/userdata/dev_ws/src/install/origincar_competition' for CMake config files
[6.793s] Level 1:colcon.colcon_core.environment:checking '/userdata/dev_ws/src/install/origincar_competition/bin'
[6.794s] Level 1:colcon.colcon_core.environment:checking '/userdata/dev_ws/src/install/origincar_competition/lib/pkgconfig/origincar_competition.pc'
[6.797s] Level 1:colcon.colcon_core.environment:checking '/userdata/dev_ws/src/install/origincar_competition/lib/python3.10/site-packages'
[6.803s] Level 1:colcon.colcon_core.environment:checking '/userdata/dev_ws/src/install/origincar_competition/bin'
[6.806s] INFO:colcon.colcon_core.shell:Creating package script '/userdata/dev_ws/src/install/origincar_competition/share/origincar_competition/package.ps1'
[6.821s] INFO:colcon.colcon_core.shell:Creating package descriptor '/userdata/dev_ws/src/install/origincar_competition/share/origincar_competition/package.dsv'
[6.826s] INFO:colcon.colcon_core.shell:Creating package script '/userdata/dev_ws/src/install/origincar_competition/share/origincar_competition/package.sh'
[6.832s] INFO:colcon.colcon_core.shell:Creating package script '/userdata/dev_ws/src/install/origincar_competition/share/origincar_competition/package.bash'
[6.838s] INFO:colcon.colcon_core.shell:Creating package script '/userdata/dev_ws/src/install/origincar_competition/share/origincar_competition/package.zsh'
[6.842s] Level 1:colcon.colcon_core.environment:create_file_with_runtime_dependencies(/userdata/dev_ws/src/install/origincar_competition/share/colcon-core/packages/origincar_competition)
[6.854s] DEBUG:colcon.colcon_parallel_executor.executor.parallel:closing loop
[6.855s] DEBUG:colcon.colcon_parallel_executor.executor.parallel:loop closed
[6.855s] DEBUG:colcon.colcon_parallel_executor.executor.parallel:run_until_complete finished with '2'
[6.855s] DEBUG:colcon.colcon_core.event_reactor:joining thread
[6.858s] DEBUG:colcon.colcon_core.event_reactor:joined thread
[6.860s] INFO:colcon.colcon_core.shell:Creating prefix script '/userdata/dev_ws/src/install/local_setup.ps1'
[6.865s] INFO:colcon.colcon_core.shell:Creating prefix util module '/userdata/dev_ws/src/install/_local_setup_util_ps1.py'
[6.876s] INFO:colcon.colcon_core.shell:Creating prefix chain script '/userdata/dev_ws/src/install/setup.ps1'
[6.888s] INFO:colcon.colcon_core.shell:Creating prefix script '/userdata/dev_ws/src/install/local_setup.sh'
[6.892s] INFO:colcon.colcon_core.shell:Creating prefix util module '/userdata/dev_ws/src/install/_local_setup_util_sh.py'
[6.896s] INFO:colcon.colcon_core.shell:Creating prefix chain script '/userdata/dev_ws/src/install/setup.sh'
[6.905s] INFO:colcon.colcon_core.shell:Creating prefix script '/userdata/dev_ws/src/install/local_setup.bash'
[6.908s] INFO:colcon.colcon_core.shell:Creating prefix chain script '/userdata/dev_ws/src/install/setup.bash'
[6.918s] INFO:colcon.colcon_core.shell:Creating prefix script '/userdata/dev_ws/src/install/local_setup.zsh'
[6.921s] INFO:colcon.colcon_core.shell:Creating prefix chain script '/userdata/dev_ws/src/install/setup.zsh'
